2
0.1617573728127554
1 0.1814935176123546 -6.609733451396387e-07 0 -0.004048603344675971 -1.227044219848671e-05 0
0.1 -1.814935176123544 -0.01210226241993221 0 0.04048603344675971 -0.07473553506859097 0
2
0.24244698502773
1 0.1810850565556354 -2.229556639101665e-06 0 -0.006077150831777784 -2.764743290935551e-05 0
0.1 -1.810850565556352 -0.01812685890258285 0 0.06077150831777783 -0.07458176516148228 0
2
0.3228671332985725
1 0.1805146861533798 -5.278637351098746e-06 0 -0.008109717776665052 -4.92349271060574e-05 0
0.1 -1.805146861533796 -0.02411647881458923 0 0.08109717776665051 -0.07436589021951526 0
2
0.402911508242942
1 0.1797841129196351 -1.029123025876824e-05 0 -0.01014719988335477 -7.708383520339511e-05 0
0.1 -1.797841129196349 -0.03005833387497159 0 0.1014719988335477 -0.07408740113854188 0
2
0.5614563124740607
1 0.1778519910368952 -2.808481268237871e-05 0 -0.01424051068677764 -0.0001518260617794034 0
0.1 -1.77851991036895 -0.04174878297585504 0 0.1424051068677764 -0.07333997887278179 0
2
0.639754224805994
1 0.1766566126207673 -4.176904100364083e-05 0 -0.01629815001477025 -0.0001988781741878815 0
0.1 -1.766566126207672 -0.0474731845655984 0 0.1629815001477025 -0.07286945774869702 0
2
0.7172722746264246
1 0.1753133294072356 -5.92178480808537e-05 0 -0.01836432638631248 -0.0002525096329283104 0
0.1 -1.753133294072355 -0.05310156123312645 0 0.1836432638631247 -0.07233314316129273 0
2
0.8695991623799088
1 0.1722008465079383 -0.0001070021011768297 0 -0.02252596253587018 -0.0003799584519100377 0
0.1 -1.722008465079382 -0.06402664134647108 0 0.2252596253587018 -0.07105865497147547 0
2
0.9442333154876675
1 0.1704416385209378 -0.0001380737753112804 0 -0.0246232715984054 -0.0004540304668523701 0
0.1 -1.704416385209377 -0.06930290591264349 0 0.246232715984054 -0.07031793482205213 0
2
1.017738932798409
1 0.168554441111899 -0.0001743786635534699 0 -0.02673281687490166 -0.0005351916509937317 0
0.1 -1.685544411118988 -0.07444235813477171 0 0.2673281687490166 -0.06950632298063852 0
2
1.161066833410709
1 0.1644201102442991 -0.0002638570616134538 0 -0.03099237894625122 -0.0007194318140638026 0
0.1 -1.644201102442989 -0.08427684846388886 0 0.3099237894625122 -0.06766392134993782 0
2
1.230753304249242
1 0.1621857172977443 -0.0003175392580902171 0 -0.03314429329056451 -0.0008228695418251406 0
0.1 -1.621857172977441 -0.08895663302240515 0 0.331442932905645 -0.06662954407232444 0
2
1.365872761626865
1 0.1574160734063579 -0.000443825224490457 0 -0.03749718381661901 -0.001053381677892944 0
0.1 -1.574160734063578 -0.09780857805861355 0 0.37497183816619 -0.0643244227116464 0
2
1.431203239548391
1 0.1548947861730775 -0.0005167467812372386 0 -0.03970009980673161 -0.001180900065228103 0
0.1 -1.548947861730774 -0.1019698870534291 0 0.3970009980673161 -0.06304923883829482 0
2
1.557192338321042
1 0.1496150100655966 -0.0006826994175122822 0 -0.04416378035399853 -0.001461685064562935 0
0.1 -1.496150100655965 -0.1097416828198036 0 0.4416378035399853 -0.06024138884494649 0
2
1.617782758595136
1 0.1468709726718403 -0.0007758558323841996 0 -0.04642653191131921 -0.001615488510607225 0
0.1 -1.468709726718401 -0.1133458108627972 0 0.4642653191131922 -0.05870335438450359 0
2
1.734026942155793
1 0.1412106702884394 -0.0009826107470090717 0 -0.05101888856632178 -0.001951383931873806 0
0.1 -1.412106702884393 -0.1199800966489186 0 0.5101888856632177 -0.05534440017183778 0
2
1.843580983675522
1 0.1353680779651389 -0.001216389019104591 0 -0.05570719455588609 -0.002327156968091813 0
0.1 -1.353680779651388 -0.1258433366052078 0 0.5570719455588609 -0.0515866698096577 0
2
1.946387049891683
1 0.1293983143635622 -0.001476532526436226 0 -0.0604997532429863 -0.002745659186070916 0
0.1 -1.293983143635621 -0.1309377826577848 0 0.6049975324298632 -0.04740164762986667 0
2
2.042463137111384
1 0.1233537703107766 -0.001761993300726069 0 -0.06540502255111116 -0.003210058449384931 0
0.1 -1.233537703107765 -0.1352752616612962 0 0.6540502255111119 -0.04275765499672653 0
2
2.131895247058426
1 0.1172833851919132 -0.002071386955519489 0 -0.07043162119904324 -0.003723862097299203 0
0.1 -1.172833851919131 -0.1388760554179251 0 0.7043162119904326 -0.0376196185175838 0
2
2.214828795245944
1 0.1112320929535973 -0.002403049734697274 0 -0.07558833411966456 -0.004290942428006221 0
0.1 -1.112320929535973 -0.1417676870381717 0 0.7558833411966457 -0.03194881521051363 0
2
2.327484309319988
1 0.1022783764073711 -0.002938128983170769 0 -0.08358700565838512 -0.005250901712039569 0
0.1 -1.022783764073711 -0.1448500880059256 0 0.8358700565838511 -0.02234922237018014 0
2
2.426794905640693
1 0.09357497819423283 -0.003512039101319001 0 -0.09192958654257587 -0.006356646033543336 0
0.1 -0.9357497819423284 -0.1465452032277705 0 0.9192958654257586 -0.01129177915514248 0
2
2.513367341031322
1 0.08525205938497234 -0.004114580292957032 0 -0.1006078983609383 -0.00762069694820643 0
0.1 -0.8525205938497231 -0.1470004514131443 0 1.006078983609383 0.001348729991488448 0
2
2.607762633743283
1 0.0752262179934584 -0.004917661077357608 0 -0.1122845386815162 -0.009505769481758361 0
0.1 -0.7522621799345837 -0.1460359089977536 0 1.122845386815162 0.02019945532700778 0
2
2.714628029313936
1 0.06233149961993546 -0.006094286107222668 0 -0.1301129831812713 -0.01279579507051691 0
0.1 -0.6233149961993543 -0.1422694140739861 0 1.301129831812713 0.05309971121459333 0
2
2.802503815098394
1 0.05001347180399576 -0.007404149912930202 0 -0.1517451576794886 -0.01746591799065764 0
0.1 -0.5001347180399573 -0.1357490026345861 0 1.517451576794887 0.09980094041600054 0
2
2.901447894165878
1 0.03311457633740676 -0.0096139711265092 0 -0.1954057792001158 -0.02922314766042806 0
0.1 -0.3311457633740671 -0.1210575700658045 0 1.954057792001158 0.2173732371137048 0
2
3.000593237591398
1 0.007857402722530429 -0.01485252932285978 0 -0.3861487250010139 -0.1229373529497802 0
0.1 -0.07857402722530368 -0.07609383396482165 0 3.861487250010137 1.154515290007226 0
2
3.103057817384054
1 0.026371582773424 -0.03039327207278155 0 0.2216263646781836 -0.03784145309998936 0
0.1 -0.2637158277342397 0.0716432754809745 0 -2.216263646781842 0.3035562915092989 0
2
3.206125354475116
1 0.04558079328920603 -0.03315307580495305 0 0.1611812476528431 -0.01973960446361745 0
0.1 -0.4558079328920606 0.091525858427421 0 -1.611812476528438 0.1225378051455798 0
2
3.302291172411347
1 0.05967919491346334 -0.03472404506974545 0 0.1343103914931947 -0.01364335058692063 0
0.1 -0.5967919491346345 0.1000367472454658 0 -1.343103914931954 0.06157526637861153 0
2
3.41385817040305
1 0.07348432467252002 -0.03601683019071471 0 0.1144826332846676 -0.009884334544106598 0
0.1 -0.7348432467252017 0.1046128894002488 0 -1.144826332846683 0.0239851059504712 0
2
3.523031818880794
1 0.08519311148751307 -0.03696435914357795 0 0.1006721439873909 -0.007630422946554291 0
0.1 -0.851931114875133 0.1059156318050722 0 -1.006721439873915 0.001445989974948133 0
2
3.604657791291096
1 0.0930649854433854 -0.03753599758863311 0 0.09243950972975766 -0.006427641490161774 0
0.1 -0.9306498544338565 0.1055216396642807 0 -0.9243950972975825 -0.01058182458897703 0
2
3.732897559316891
1 0.1042131666386746 -0.03826550239743504 0 0.0818143981853033 -0.005029659399512987 0
0.1 -1.04213166638675 0.1032168844852067 0 -0.8181439818530389 -0.0245616454954649 0
2
3.805357910979593
1 0.1099529892730872 -0.03860718717608445 0 0.07670119405373414 -0.004418587602941241 0
0.1 -1.099529892730875 0.1012094779133615 0 -0.7670119405373474 -0.03067236346118237 0
2
3.925180254594204
1 0.1186865041898951 -0.03908555432669927 0 0.06925819377752412 -0.003600425544947252 0
0.1 -1.186865041898956 0.09702345972488288 0 -0.6925819377752472 -0.03885398404112227 0
2
4.012789573107066
1 0.1245396212412586 -0.03937914637339716 0 0.06443601436453007 -0.003115372729923446 0
0.1 -1.245396212412591 0.09340110084501813 0 -0.6443601436453067 -0.04370451219136032 0
2
4.106773890037503
1 0.1303705175544941 -0.0396506682176918 0 0.05971672369974155 -0.002674854759383354 0
0.1 -1.303705175544947 0.08908081878282589 0 -0.5971672369974215 -0.04810969189676124 0
2
4.207243361805308
1 0.136134660948773 -0.03989881750921731 0 0.05509274710658723 -0.002275967852665807 0
0.1 -1.361346609487736 0.084041343918993 0 -0.5509274710658784 -0.05209856096393671 0
2
4.314250165591357
1 0.1417840368975106 -0.04012257346111117 0 0.05055660255091431 -0.001916083937532632 0
0.1 -1.417840368975113 0.07826856249299255 0 -0.5055660255091493 -0.05569740011526846 0
2
4.427780659790486
1 0.1472676857676204 -0.04032124697448092 0 0.04610089357033138 -0.001592834237903143 0
0.1 -1.472676857676212 0.07175660470244596 0 -0.4610089357033199 -0.05892989711156334 0
2
4.547748221545463
1 0.1525323922611882 -0.04049452730479246 0 0.04171830162542532 -0.001304094495424916 0
0.1 -1.52532392261189 0.06450884753660445 0 -0.4171830162542594 -0.06181729453634563 0
2
4.610097342989198
1 0.155065598960524 -0.0405716615989005 0 0.03955215680895581 -0.001172065603530433 0
0.1 -1.55065598960525 0.06061284501262169 0 -0.3955215680895643 -0.06313758345529046 0
2
4.739383711260405
1 0.1598992762822843 -0.04070719587944972 0 0.03526566845693219 -0.0009316105297853256 0
0.1 -1.598992762822853 0.05229003789919844 0 -0.3526566845693282 -0.06554213419274153 0
2
4.806247818297991
1 0.1621860063501788 -0.04076579452640056 0 0.03314353499080581 -0.0008227926086819911 0
0.1 -1.621860063501799 0.04787069503076253 0 -0.3314353499080644 -0.06663031340377487 0
2
4.944194001717092
1 0.166465419262778 -0.04086537685709097 0 0.02893703744387481 -0.0006270929501661257 0
0.1 -1.664654192627792 0.03854010990246602 0 -0.2893703744387544 -0.06858730998893355 0
2
5.015170077540054
1 0.1684449367842055 -0.04090674034242407 0 0.02685090044359839 -0.0005398953873723628 0
0.1 -1.684449367842067 0.03364060067373914 0 -0.2685090044359901 -0.06945928561687117 0
2
5.160822635770593
1 0.1720520628212677 -0.0409737872368015 0 0.0227084338647635 -0.0003861058697639816 0
0.1 -1.720520628212691 0.02340777553107389 0 -0.2270843386476412 -0.07099718079295499 0
2
5.235361116821412
1 0.1736677763258329 -0.04100002895082287 0 0.0206503430385313 -0.0003192697318645006 0
0.1 -1.736677763258343 0.01809037320552018 0 -0.2065034303853193 -0.0716655421719498 0
2
5.310940675860853
1 0.1751508159897328 -0.04102183541674113 0 0.01859984186655466 -0.0002589957912026224 0
0.1 -1.751508159897343 0.01265068513353483 0 -0.1859984186655529 -0.07226828157856859 0
2
5.464893528504692
1 0.1776986279716262 -0.0410535594256603 0 0.0145180977639878 -0.0001577718425775744 0
0.1 -1.776986279716277 0.00144328570925362 0 -0.1451809776398842 -0.07328052106481907 0
2
5.543091236600955
1 0.1787542675682416 -0.04106424624526148 0 0.01248510056641963 -0.0001166683962915168 0
0.1 -1.787542675682432 -0.004303588855020232 0 -0.1248510056642025 -0.07369155552767964 0
2
5.621979508333231
1 0.1796590340945457 -0.04107203263230783 0 0.01045618386185249 -8.182007098056299e-05 0
0.1 -1.796590340945473 -0.01013116212289047 0 -0.1045618386185311 -0.07404003878078919 0
2
5.70146125619361
1 0.1804094960839902 -0.04107735528975372 0 0.008430470196986478 -5.317762269254453e-05 0
0.1 -1.804094960839919 -0.01602779926489492 0 -0.08430470196987101 -0.07432646326366937 0
2
5.861802255128102
1 0.1814363257038705 -0.04108243716845798 0 0.004385138374895125 -1.436773078951647e-05 0
0.1 -1.814363257038723 -0.02797982537625175 0 -0.04385138374895749 -0.07471456218269966 0
2
5.942454114830783
1 0.1817084412255943 -0.0410831428321095 0 0.002363760561931097 -4.156066242186071e-06 0
0.1 -1.817084412255962 -0.03401022496872173 0 -0.02363760561931721 -0.07481667882817296 0
2
6.023285629387373
1 0.1818177831126359 -0.04108327204246601 0 0.0003420658426670736 -6.1825773652588e-08 0
0.1 -1.818177831126379 -0.04005983774022134 0 -0.00342065842667698 -0.07485762123285829 0
2
6.104189370737908
1 0.1817636356040531 -0.04108331776783671 0 -0.001680829888460212 -2.089999234145357e-06 0
0.1 -1.817636356040551 -0.04611569213221785 0 0.01680829888459587 -0.07483733949825336 0
2
6.265781505232673
1 0.1811649195047092 -0.04108514004516525 0 -0.005733772534072948 -2.458808918574533e-05 0
0.1 -1.811649195047113 -0.05819397206273801 0 0.05733772534072323 -0.07461235859873735 0
2
6.346254311947784
1 0.1806218338627733 -0.04108790268138698 0 -0.007765600333741476 -4.512272860857107e-05 0
0.1 -1.806218338627754 -0.06419039833808081 0 0.07765600333740852 -0.0744070122045091 0
2
6.426369229778333
1 0.1799182172810367 -0.04109254784063576 0 -0.009802191546117792 -7.19094070280555e-05 0
0.1 -1.799182172810389 -0.07014120845132162 0 0.09802191546117169 -0.07413914542031426 0
2
6.506021261570841
1 0.1790562462013497 -0.04109955022230591 0 -0.01184444484185 -0.0001050083955047244 0
0.1 -1.79056246201352 -0.0760337955064562 0 0.1184444484184938 -0.07380815553554756 0
2
6.663527370206534
1 0.1768686880217379 -0.04112245924285248 0 -0.015949551950212 -0.0001904415136470953 0
0.1 -1.768686880217402 -0.08759533530247278 0 0.1594955195021138 -0.07295382435412386 0
2
6.741183584613195
1 0.175550135743001 -0.04113924080688474 0 -0.01801422361898626 -0.0002429538085627012 0
0.1 -1.755501357430034 -0.09324072715813699 0 0.1801422361898563 -0.07242870140496779 0
2
6.817982091021989
1 0.1740872500192731 -0.04116012430291195 0 -0.02008819369952298 -0.0003021351227225771 0
0.1 -1.740872500192755 -0.09878089318313429 0 0.2008819369952235 -0.07183688826336904 0
2
6.968649532808234
1 0.1707477541634194 -0.0412157115251492 0 -0.02426771861848138 -0.0004409933263034237 0
0.1 -1.707477541634218 -0.1095037204014317 0 0.2426771861848076 -0.07044830622756057 0
2
7.042351109563801
1 0.1688818050373546 -0.0412511081851283 0 -0.02637513199040773 -0.0005209457229193887 0
0.1 -1.688818050373572 -0.1146669240852434 0 0.263751319904071 -0.06964878226140092 0
2
7.114860893489291
1 0.1668927726033158 -0.04129198922879836 0 -0.02849556143779592 -0.0006081187033718243 0
0.1 -1.668927726033184 -0.1196860684190484 0 0.2849556143779529 -0.06877705245687656 0
2
7.256024545173974
1 0.1625704842415386 -0.04139127347108573 0 -0.03277925263291497 -0.0008048211191803609 0
0.1 -1.625704842415413 -0.1292604884413538 0 0.3277925263291435 -0.06681002829879118 0
2
7.324551593067899
1 0.1602503818636667 -0.04145013344475725 0 -0.03494442312774466 -0.0009147322259801337 0
0.1 -1.602503818636695 -0.1338017028674654 0 0.3494442312774404 -0.06571091723079345 0
2
7.457220905923818
1 0.1553266333582904 -0.04158719147131576 0 -0.03932623888725989 -0.00115873528788281 0
0.1 -1.553266333582933 -0.1423625137967013 0 0.3932623888725926 -0.06327088661176669 0
2
7.521270159020778
1 0.15273715843084 -0.04166565358038447 0 -0.04154483655082566 -0.00129329611724374 0
0.1 -1.527371584308429 -0.1463725070335402 0 0.4154483655082503 -0.06192527831815738 0
2
7.644608277925956
1 0.1473390039375215 -0.04184286342618286 0 -0.04604235170389221 -0.001588825034037219 0
0.1 -1.473390039375244 -0.1538332830188795 0 0.4604235170389159 -0.0589699891502226 0
2
7.703838331575771
1 0.1445447865325556 -0.04194168469161747 0 -0.04832327009876514 -0.001750357215840432 0
0.1 -1.445447865325586 -0.1572789279056921 0 0.4832327009876452 -0.05735466733219047 0
2
7.817314844835495
1 0.1388019439944101 -0.0421597177962069 0 -0.05295449581173881 -0.002102495173725477 0
0.1 -1.388019439944131 -0.1635932488659519 0 0.5295449581173819 -0.05383328775334003 0
2
7.924067561292476
1 0.1328999875830641 -0.04240455159233905 0 -0.05768510207970996 -0.002495658540181018 0
0.1 -1.328999875830672 -0.1691362313194386 0 0.5768510207970934 -0.04990165408878462 0
2
8.024071033322166
1 0.1268930011958016 -0.04267535983808503 0 -0.06252345568104273 -0.002932827621121923 0
0.1 -1.268930011958048 -0.1739142327210682 0 0.6252345568104213 -0.04552996327937556 0
2
8.117372511091656
1 0.1208320198316183 -0.04297094803521778 0 -0.06747808063516655 -0.003417308378946258 0
0.1 -1.208320198316216 -0.1779427351174357 0 0.6747808063516595 -0.04068515570113222 0
2
8.204083751198189
1 0.1147643763286677 -0.04328980867275325 0 -0.0725576641146457 -0.003952756551257439 0
0.1 -1.14764376328671 -0.1812451795205022 0 0.7255766411464509 -0.03533067397802041 0
2
8.32217325970861
1 0.1057435761148533 -0.04380782408419785 0 -0.08043075467782287 -0.004860422671754158 0
0.1 -1.057435761148567 -0.1849049981154559 0 0.8043075467782228 -0.02625401277305321 0
2
8.426575151392239
1 0.09693023523554407 -0.0443674689514473 0 -0.08863558314672501 -0.005907283523657814 0
0.1 -0.9693023523554747 -0.1871238912538856 0 0.8863558314672441 -0.01578540425401666 0
2
8.518211525451919
1 0.08842707131752905 -0.04496144167492708 0 -0.09720365459336112 -0.00711099094730038 0
0.1 -0.8842707131753251 -0.1880439016544971 0 0.9720365459336051 -0.003748330017591017 0
2
8.619343912595848
1 0.07803101619581289 -0.04576712901183755 0 -0.1088588554895238 -0.00893074571340533 0
0.1 -0.7803101619581641 -0.1875576207424683 0 1.088588554895232 0.01444921764345851 0
2
8.71695504784142
1 0.06672158646152836 -0.046756911384218 0 -0.1236049536345273 -0.01153681108178373 0
0.1 -0.6672158646153193 -0.1849667947578253 0 1.236049536345267 0.04050987132724248 0
2
8.803646915158593
1 0.05526396811813036 -0.04790371726438371 0 -0.1418154490447966 -0.0152290798910182 0
0.1 -0.55263968118134 -0.1799883365216842 0 1.418154490447961 0.07743255941958724 0
2
8.906535618155461
1 0.03904002003178236 -0.04985498463130732 0 -0.1774187527920712 -0.02399484199132413 0
0.1 -0.3904002003178608 -0.1681777300222644 0 1.774187527920706 0.1650901804226465 0
2
9.00078292616859
1 0.01921284711420596 -0.05310386846415116 0 -0.2608066762022879 -0.05302423893840907 0
0.1 -0.1921284711420975 -0.1427440792484169 0 2.608066762022872 0.4553841498934959 0
2
9.101689830011427
1 0.01695129678329788 -0.06967090908033881 0 0.2771624220578633 -0.06022075639257189 0
0.1 -0.1695129678330173 0.01537261373933968 0 -2.77162422057864 0.5273493244351186 0
2
9.204130299390695
1 0.03900031339603016 -0.073389526717245 0 0.1775275448507561 -0.02402457554703128 0
0.1 -0.3900031339603408 0.04489027691807939 0 -1.775275448507568 0.1653875159797127 0
2
9.300412079066144
1 0.0542893145628429 -0.07524081863518459 0 0.1435695627886242 -0.01561247511576666 0
0.1 -0.542893145628469 0.05619571157594938 0 -1.43569562788625 0.08126651166706632 0
2
9.411809818990131
1 0.06890347052279783 -0.07669400205503264 0 0.1205516085537882 -0.01096899753649544 0
0.1 -0.6890347052280197 0.06238850708048856 0 -1.205516085537889 0.03483173587435413 0
2
9.508941654150307
1 0.0799052721046784 -0.07763486334330705 0 0.1066425800526029 -0.008568303890454727 0
0.1 -0.7990527210468263 0.06452600178465075 0 -1.066425800526037 0.01082479941394699 0
2
9.608112179531204
1 0.08991522785808258 -0.07839634888647817 0 0.09564924061162458 -0.006884061004806657 0
0.1 -0.899152278580869 0.06471712627699013 0 -0.9564924061162537 -0.006017629442533701 0
2
9.730073328340616
1 0.1008987152103053 -0.07914110243607189 0 0.08486726510897731 -0.00541352624889632 0
0.1 -1.008987152103097 0.06303486488680397 0 -0.8486726510897808 -0.02072297700163706 0
2
9.835897805601348
1 0.1094596792798352 -0.0796618565775478 0 0.07713266395943047 -0.004468550672951027 0
0.1 -1.094596792798397 0.0603205722388116 0 -0.7713266395943124 -0.03017273276108998 0
2
9.913745095705716
1 0.1152663171908574 -0.07998721777413952 0 0.07213159772325277 -0.003906218923090523 0
0.1 -1.15266317190862 0.05774667311840174 0 -0.7213159772325353 -0.03579605025969503 0
2
10.04201605294652
1 0.1240401109130274 -0.08043807383826958 0 0.06484339436842931 -0.003154931571358753 0
0.1 -1.24040110913032 0.05265309572288177 0 -0.6484339436843005 -0.04330892377701272 0
2
10.13545095437124
1 0.1298745671890212 -0.08071152765584792 0 0.0601156144963153 -0.002710731901968392 0
0.1 -1.298745671890258 0.04839326167103269 0 -0.6011561449631604 -0.04775092047091635 0
2
10.23536372641399
1 0.1356462121920149 -0.08096170966010834 0 0.05548379136571243 -0.002308400137522571 0
0.1 -1.356462121920197 0.04341578749589099 0 -0.5548379136571318 -0.05177423811537456 0
2
10.34181180511725
1 0.1413073098288124 -0.08118757307560863 0 0.05094043529376444 -0.001945285342041555 0
0.1 -1.413073098288173 0.03770590588201106 0 -0.5094043529376518 -0.05540538607018472 0
2
10.45478745542425
1 0.1468071271456987 -0.08138839864470546 0 0.04647814279638702 -0.001618997211907784 0
0.1 -1.468071271457037 0.031257003285692 0 -0.4647814279638776 -0.05866826737152243 0
2
10.51370108323058
1 0.1494800455603437 -0.08147929870643443 0 0.0442751035090647 -0.001468983740281922 0
0.1 -1.494800455603487 0.02775583344339539 0 -0.4427510350906544 -0.06016840208778105 0
2
10.63629346369701
1 0.1546379642125322 -0.08164204980885219 0 0.03992069456520744 -0.001193987604236586 0
0.1 -1.546379642125373 0.02020629469089414 0 -0.3992069456520818 -0.06291836344823441 0
2
10.76506405157355
1 0.1594994637239461 -0.08177969231040239 0 0.03562916648841533 -0.0009508885962039533 0
0.1 -1.594994637239513 0.01194318019978833 0 -0.3562916648841608 -0.06534935352856074 0
2
10.83168042673417
1 0.1618018566434802 -0.08183931521812446 0 0.03350474177473496 -0.0008407969360215596 0
0.1 -1.618018566434853 0.007552624711239657 0 -0.3350474177473571 -0.06645027013038467 0
2
10.96915614498399
1 0.1661160201016086 -0.08194086059355209 0 0.0292941165138851 -0.0006426354459021339 0
0.1 -1.661160201016139 -0.001723111775371216 0 -0.2929411651388585 -0.06843188503157892 0
2
11.03991135364325
1 0.1681145742756706 -0.08198315251902152 0 0.02720614221813065 -0.0005542455975948581 0
0.1 -1.68114574275676 -0.006596802875699023 0 -0.272061422181314 -0.06931578351465167 0
2
11.11193297568265
1 0.1699989154649134 -0.08202008729677635 0 0.02512854809252743 -0.0004727899457609549 0
0.1 -1.699989154649188 -0.01161886692927801 0 -0.2512854809252818 -0.07013034003299071 0
2
11.25950815300463
1 0.1734007228904345 -0.08207895335039153 0 0.02100097527258116 -0.0003301732328379824 0
0.1 -1.7340072289044 -0.02207742435996257 0 -0.210009752725819 -0.07155650716222042 0
2
11.33491529989274
1 0.1749067692040169 -0.08210149006663434 0 0.01894923758898282 -0.0002687871869986032 0
0.1 -1.749067692040225 -0.02749690345858768 0 -0.1894923758898357 -0.07217036762061423 0
2
11.41129644755386
1 0.1762758389385871 -0.08211987833323978 0 0.01690436148112784 -0.0002138850466046251 0
0.1 -1.762758389385927 -0.03303077903671631 0 -0.1690436148112858 -0.07271938902455401 0
2
11.56663662842063
1 0.1785840901136722 -0.08214570848148721 0 0.01283168496099377 -0.0001232069211720791 0
0.1 -1.785840901136779 -0.04440097001607948 0 -0.1283168496099452 -0.07362617027887948 0
2
11.64541343382186
1 0.1795148519617486 -0.0821539569248164 0 0.01080213047679126 -8.729583268062577e-05 0
0.1 -1.795148519617544 -0.05021557854781759 0 -0.1080213047679201 -0.07398528116379401 0
2
11.72480050188745
1 0.1802918603056729 -0.08215966592937544 0 0.008775928795126323 -5.759827456938691e-05 0
0.1 -1.802918603056787 -0.05610126465593749 0 -0.08775928795127069 -0.07428225674490639 0
2
11.80469822359697
1 0.1809121002994526 -0.08216328623376322 0 0.006752201906156869 -3.40740268369303e-05 0
0.1 -1.809121002994585 -0.06204606439854456 0 -0.06752201906157615 -0.07451749922223096 0
2
11.96561447156142
1 0.1816728550404512 -0.08216613385368951 0 0.002708655354631021 -5.43880111715403e-06 0
0.1 -1.816728550404572 -0.07406349522733342 0 -0.02708655354631768 -0.07480385147942871 0
2
12.04642247939705
1 0.1818100358468812 -0.08216632452624757 0 0.0006870736084603192 -3.015660845085602e-07 0
0.1 -1.818100358468872 -0.08011073370507049 0 -0.006870736084610658 -0.07485522382975517 0
2
12.12732109805072
1 0.181783808969824 -0.08216634740731646 0 -0.001335558146832448 -1.285147507743008e-06 0
0.1 -1.817838089698302 -0.08616643306401671 0 0.01335558146831701 -0.07484538801552282 0
2
12.2082023910208
1 0.1815939405598725 -0.0821666977569826 0 -0.003360125888350066 -8.403568963399305e-06 0
0.1 -1.815939405598787 -0.09221756076681852 0 0.03360125888349318 -0.07477420380096626 0
2
12.36948112764076
1 0.1807252638650147 -0.08217035851827917 0 -0.007418626275783215 -4.115582931770043e-05 0
0.1 -1.80725263865021 -0.1042539954444911 0 0.07418626275782467 -0.07444668119742325 0
2
12.44966416018677
1 0.1800489013174246 -0.08217464680472442 0 -0.009454344859842409 -6.687276765065881e-05 0
0.1 -1.800489013174309 -0.1102134732334505 0 0.09454344859841661 -0.07418951181409365 0
2
12.52940209343943
1 0.1792137739697166 -0.08218121221148703 0 -0.01149557193522134 -9.889095633633606e-05 0
0.1 -1.79213773969723 -0.1161168604697374 0 0.1149557193522059 -0.07386932992723688 0
2
12.60859158836536
1 0.1782225173355611 -0.08219051912381775 0 -0.01354320934897705 -0.0001372801060050034 0
0.1 -1.782225173355676 -0.1219517775227354 0 0.135432093489763 -0.07348543843055021 0
2
12.76492460969386
1 0.1757848208591355 -0.08221913723956228 0 -0.01766134345202886 -0.0002335079254948868 0
0.1 -1.757848208591421 -0.1333684111161876 0 0.1766134345202812 -0.07252316023565138 0
2
12.84187554168027
1 0.1743462454285384 -0.08223929156346838 0 -0.01973366563375455 -0.0002915443584243636 0
0.1 -1.74346245428545 -0.1389272791727902 0 0.1973366563375381 -0.0719427959063566 0
2
12.91789370209682
1 0.172767215198133 -0.08226386879751414 0 -0.021816049751426 -0.000356347691766209 0
0.1 -1.727672151981397 -0.1443720924904296 0 0.2181604975142526 -0.07129476257293815 0
2
13.06678941701688
1 0.169208450888464 -0.08232772256407499 0 -0.02601471136460924 -0.0005067848422953542 0
0.1 -1.692084508884708 -0.1548796259114315 0 0.260147113646085 -0.0697903910676467 0
2
13.13950736154931
1 0.1672399964350168 -0.08236764645956622 0 -0.02813285703705264 -0.0005927153611779952 0
0.1 -1.672399964350237 -0.1599239242635918 0 0.281328570370519 -0.0689310858788203 0
2
13.21097388025191
1 0.1651535712795467 -0.08241328499642842 0 -0.03026480159095087 -0.0006860067713943804 0
0.1 -1.651535712795537 -0.1648173966675683 0 0.3026480159095014 -0.06799817177665644 0
2
13.34988981674155
1 0.1606527168335952 -0.08252267247374952 0 -0.03457389337353508 -0.0008954122387910856 0
0.1 -1.606527168336022 -0.1741225243371602 0 0.3457389337353434 -0.06590411710268938 0
2
13.41722159468366
1 0.1582517967452387 -0.08258682547057809 0 -0.03675296091857569 -0.001011931356972889 0
0.1 -1.582517967452458 -0.1785213327273924 0 0.3675296091857496 -0.06473892592087135 0
2
13.54738108639967
1 0.1531839755388857 -0.08273481851056272 0 -0.04116499494948072 -0.00126972436754375 0
0.1 -1.531839755388929 -0.1867849127303986 0 0.4116499494947998 -0.06216099581516275 0
2
13.61012529662468
1 0.1505313968027071 -0.08281886915229719 0 -0.04339992677424877 -0.001411492598117479 0
0.1 -1.505313968027143 -0.1906413274287256 0 0.4339992677424803 -0.06074331350942545 0
2
13.73077666657263
1 0.1450250325803733 -0.08300736708186444 0 -0.04793259428720219 -0.001722127803046962 0
0.1 -1.450250325803806 -0.1977880972794858 0 0.4793259428720145 -0.05763696146013062 0
2
13.84482249085574
1 0.1392983666921342 -0.08322308780843163 0 -0.05255573209890759 -0.002070897119786572 0
0.1 -1.392983666921417 -0.2041681596409017 0 0.5255573209890684 -0.05414926829273452 0
2
13.95215033142064
1 0.1334078576080755 -0.0834656612040624 0 -0.05727754389259859 -0.002460452139720241 0
0.1 -1.33407857608083 -0.2097767988776105 0 0.5727754389259784 -0.05025371809339783 0
2
14.00328205143988
1 0.1304182411130631 -0.08359678520198725 0 -0.05967805700849117 -0.002671434907271981 0
0.1 -1.304182411130707 -0.2122931894411287 0 0.5967805700849044 -0.04814389041788043 0
2
14.10049614903784
1 0.1243828901314021 -0.08387803319629618 0 -0.06456359163891211 -0.003127806698381331 0
0.1 -1.243828901314098 -0.2167579856978901 0 0.6456359163891137 -0.04358017250678693 0
2
14.23386461294412
1 0.1152807581002897 -0.0843447641249073 0 -0.07211934938351562 -0.003905009687173776 0
0.1 -1.152807581002975 -0.2220744048233691 0 0.7211934938351486 -0.03580814261886248 0
2
14.31469283449434
1 0.1092449350576968 -0.08468337349329307 0 -0.07732098988455234 -0.00449060236084974 0
0.1 -1.092449350577046 -0.2247389695059167 0 0.7732098988455159 -0.02995221588210284 0
2
14.42433335316032
1 0.1003371401376334 -0.08522761991906584 0 -0.08539268617323859 -0.005481188041988407 0
0.1 -1.003371401376412 -0.22750400145236 0 0.8539268617323784 -0.02004635907071617 0
2
14.52083256186348
1 0.09170226503524999 -0.0858090873930186 0 -0.09381522615992691 -0.006621442301594264 0
0.1 -0.9170226503525793 -0.2289130875885878 0 0.9381522615992616 -0.008643816474657598 0
2
14.60436401536685
1 0.08351288663467933 -0.08641380306046088 0 -0.1025266988642904 -0.007915952236173021 0
0.1 -0.8351288663468736 -0.2291189484655174 0 1.025266988642897 0.004301282871129964 0
2
14.7148408726968
1 0.07141803528996883 -0.08741332152207371 0 -0.1171660227066959 -0.01035694660206121 0
0.1 -0.7141803528997693 -0.2273938668935635 0 1.171660227066952 0.02871122653001183 0
2
14.81236727634355
1 0.05916709434142895 -0.0885777894942628 0 -0.1351461254993367 -0.01381561704022223 0
0.1 -0.5916709434143713 -0.2230498420525179 0 1.35146125499336 0.06329793091162203 0
2
14.90220518181461
1 0.04598694168074463 -0.09004699237483442 0 -0.1602700578920685 -0.01951388690156583 0
0.1 -0.4598694168075289 -0.2150829206898888 0 1.602700578920678 0.1202806295250581 0
2
15.0020936369213
1 0.02762042560629177 -0.09264598487151988 0 -0.2161675981107511 -0.03594812613792809 0
0.1 -0.2762042560630008 -0.1965704696177568 0 2.161675981107505 0.2846230218886807 0
2
15.10024423774039
1 0.003497527030474599 -0.1067629106171131 0 0.5028857762360177 -0.2283481941827032 0
0.1 -0.03497527030482956 -0.06274859334408439 0 -5.02885776236019 2.208623702336436 0
2
15.20059721166939
1 0.03136610398918745 -0.1133699891241877 0 0.2015080172761827 -0.03112174781778923 0
0.1 -0.3136610398919597 -0.004190055229309229 0 -2.015080172761842 0.236359238687296 0
2
15.30413731758433
1 0.04937087693807041 -0.1157712027088175 0 0.1530474469309516 -0.01777084370958965 0
0.1 -0.4937087693807906 0.0120712505715266 0 -1.530474469309531 0.1028501976053003 0
2
15.41388683502936
1 0.06459830458930917 -0.1173752401282219 0 0.1266881570324276 -0.01212466116123942 0
0.1 -0.6459830458931797 0.01989596910469403 0 -1.266881570324291 0.04638837212179789 0
2
15.5004965413313
1 0.07493390294105355 -0.1183071397517838 0 0.1126491198205278 -0.009567834598479647 0
0.1 -0.7493390294106247 0.02273151520375193 0 -1.126491198205293 0.02082010649420019 0
2
15.61367415720807
1 0.0868659599005365 -0.1192561523202022 0 0.09886162761959523 -0.007356787092954824 0
0.1 -0.8686595990054561 0.02374936381365776 0 -0.988616276195967 -0.001290368561048022 0
2
15.72908070178566
1 0.09762292485535463 -0.1200112747899832 0 0.08796800044473967 -0.005818047446846806 0
0.1 -0.976229248553639 0.02266145775869645 0 -0.8796800044474115 -0.0166777650221282 0
2
15.82997093336926
1 0.1060913677757547 -0.120545883975504 0 0.08011809683421083 -0.004822387153016985 0
0.1 -1.060913677757641 0.02045508449575791 0 -0.801180968342123 -0.02663436796042641 0
2
15.9043457171077
1 0.1118582717396231 -0.1208818668237454 0 0.07504598155152087 -0.004229223369977741 0
0.1 -1.118582717396327 0.01824734760501797 0 -0.7504598155152236 -0.03256600579081885 0
2
16.02717825149779
1 0.1206116078215592 -0.1213505678769957 0 0.06765977110779334 -0.003435620233646439 0
0.1 -1.206116078215689 0.01373933086091054 0 -0.6765977110779482 -0.04050203715413188 0
2
16.11686904318415
1 0.126462055345794 -0.1216370458327553 0 0.06287227420361644 -0.002965561222772409 0
0.1 -1.264620553458039 0.009890015654348399 0 -0.6287227420361793 -0.04520262726287217 0
2
16.21297691463083
1 0.1322760394083092 -0.1219009968699883 0 0.05818516317359036 -0.002539050236655216 0
0.1 -1.322760394083192 0.005335059968990844 0 -0.5818516317359187 -0.0494677371240441 0
2
16.31559383496594
1 0.1380078321952266 -0.1221412056734933 0 0.05359089454371466 -0.002153276123125431 0
0.1 -1.380078321952368 5.542600580810495e-05 0 -0.5359089454371618 -0.05332547825934195 0
2
16.42475116152187
1 0.1436083836443656 -0.122356755238192 0 0.04908201522486985 -0.001805697854252228 0
0.1 -1.43608383644376 -0.005960403640681847 0 -0.4908201522487137 -0.05680126094807399 0
2
16.54041198460489
1 0.1490259086932609 -0.1225470760993748 0 0.04465115524255157 -0.00149402866037684 0
0.1 -1.490259086932714 -0.01271536062288267 0 -0.446511552425531 -0.05991795288682786 0
2
16.60064929559331
1 0.1516492844902587 -0.1226327040445985 0 0.04246270019751343 -0.00135101133427687 0
0.1 -1.516492844902693 -0.01636834022288639 0 -0.4246270019751495 -0.06134812614782757 0
2
16.72583021630771
1 0.1566910453660024 -0.1227849836092597 0 0.03813521296566702 -0.001089439541711283 0
0.1 -1.566910453660132 -0.02421636791876628 0 -0.3813521296566855 -0.06396384407348343 0
2
16.8570816117499
1 0.1614135586811555 -0.1229124101418603 0 0.03386763128537342 -0.0008590824761494865 0
0.1 -1.614135586811664 -0.03276735098624683 0 -0.3386763128537495 -0.0662674147291014 0
2
16.92488673897812
1 0.1636379812274186 -0.1229670824405559 0 0.03175407079727105 -0.000755132977165192 0
0.1 -1.636379812274297 -0.03729640045203098 0 -0.3175407079727258 -0.06730690971894435 0
2
17.06461391869503
1 0.1677796838358822 -0.1230591668939738 0 0.02756296749333524 -0.0005688503252935689 0
0.1 -1.677796838358935 -0.04683528660044652 0 -0.2756296749333677 -0.06916973623766058 0
2
17.1364228047848
1 0.1696840169752876 -0.1230969986971085 0 0.02548365477638794 -0.0004862173905593394 0
0.1 -1.69684016975299 -0.0518324553615598 0 -0.2548365477638947 -0.06999606558500288 0
2
17.20944415798087
1 0.1714690437826122 -0.1231296865653932 0 0.02341399144743915 -0.0004104101692045105 0
0.1 -1.714690437826237 -0.05697182662419215 0 -0.2341399144744068 -0.07075413779855116 0
2
17.35883990690385
1 0.1746578379811183 -0.1231807939676252 0 0.01930009281578877 -0.0002788034755888617 0
0.1 -1.7465783798113 -0.06764425535362578 0 -0.193000928157903 -0.07207020473470767 0
2
17.43505977122619
1 0.1760507125898725 -0.1231998645426082 0 0.01725410035739159 -0.0002227979819158425 0
0.1 -1.760507125898843 -0.07315923446117781 0 -0.1725410035739312 -0.07263025967143787 0
2
17.51218351196503
1 0.1773025697191401 -0.1232150906639983 0 0.01521424235615905 -0.0001732058694457058 0
0.1 -1.773025697191521 -0.07878032070191528 0 -0.1521424235616058 -0.07312618079613924 0
2
17.66878475824914
1 0.1793656528137368 -0.1232355857237224 0 0.01114942152157106 -9.297300166557636e-05 0
0.1 -1.793656528137489 -0.09029826370353518 0 -0.1114942152157258 -0.07392850947394054 0
2
17.74807389175385
1 0.1801692145754171 -0.1232416956546314 0 0.009122704378765308 -6.221534878739099e-05 0
0.1 -1.801692145754294 -0.09617260933934317 0 -0.09122704378766833 -0.0742360860027224 0
2
17.82789093255346
1 0.1808164882396785 -0.1232456386508031 0 0.007098612443162983 -3.763714513396122e-05 0
0.1 -1.808164882396909 -0.1021081425332343 0 -0.07098612443164508 -0.0744818680392567 0
2
17.90813405414642
1 0.1813048915546212 -0.1232478777208811 0 0.005076266931146465 -1.920716264710546e-05 0
0.1 -1.813048915546337 -0.1080926106461331 0 -0.05076266931147989 -0.07466616786412526 0
2
18.06948045433119
1 0.1817974788939272 -0.123249154964498 0 0.001033293616819618 -7.211014395832206e-07 0
0.1 -1.8179747889394 -0.1201579456759408 0 -0.01033293616821143 -0.07485102847620048 0
2
18.15037077294855
1 0.1817992660828109 -0.1232491694065993 0 -0.0009890991312153238 -6.567302451419627e-07 0
0.1 -1.817992660828239 -0.126213108098457 0 0.009890991312137993 -0.0748516721881449 0
2
18.23126227265966
1 0.1816374109586663 -0.1232494264973351 0 -0.003013275981468018 -6.72404674230787e-06 0
0.1 -1.816374109586793 -0.1322659324492268 0 0.03013275981466494 -0.07479099902317324 0
2
18.31204687115263
1 0.1813121637442279 -0.123250421669991 0 -0.005040124998681387 -1.894614109907579e-05 0
0.1 -1.813121637442411 -0.1383033735438059 0 0.05040124998679862 -0.07466877807960556 0
2
18.47286510424492
1 0.1801754088305098 -0.1232565918017648 0 -0.009105406138608997 -6.200215405922125e-05 0
0.1 -1.801754088305232 -0.1502802420333455 0 0.09105406138607472 -0.07423821795000411 0
2
18.55268622285818
1 0.1793672988066181 -0.1232627322404253 0 -0.01114562968074821 -9.293768041043194e-05 0
0.1 -1.793672988066317 -0.156194106060299 0 0.1114562968074668 -0.073928862686492 0
2
18.63197644127529
1 0.1784025701116017 -0.1232715357289136 0 -0.01319210885555671 -0.0001302314440792414 0
0.1 -1.784025701116154 -0.1620415973349451 0 0.1319210885555518 -0.07355592504980391 0
2
18.71063441478981
1 0.177284304649045 -0.1232834544027406 0 -0.01524574889788427 -0.0001739626950015224 0
0.1 -1.772843046490588 -0.1678106080158709 0 0.1524574889788274 -0.07311861254058109 0
2
18.86566288192238
1 0.1746020613457508 -0.1233183570395986 0 -0.01937815467764814 -0.0002811131903665875 0
0.1 -1.746020613457648 -0.1790667397677605 0 0.1937815467764661 -0.07204710758693045 0
2
18.94184663320262
1 0.1730467395415356 -0.1233421490171693 0 -0.02145875395914837 -0.0003447500653185554 0
0.1 -1.730467395415497 -0.1845318014906819 0 0.2145875395914684 -0.07141073883741077 0
2
19.0170254581094
1 0.1713551334080026 -0.1233706677080982 0 -0.02355018180528797 -0.0004152601367623114 0
0.1 -1.713551334080168 -0.1898743690608869 0 0.2355018180528644 -0.0707056381229732 0
2
19.1640410973072
1 0.1675850160449593 -0.1234432270109191 0 -0.02776924961886609 -0.0005774716169268516 0
0.1 -1.675850160449738 -0.2001541079606098 0 0.2776924961886456 -0.06908352332132781 0
2
19.23572643320655
1 0.1655183509456374 -0.123487867389898 0 -0.0298987678060546 -0.0006694913099860445 0
0.1 -1.65518350945652 -0.2050739422135381 0 0.2989876780605307 -0.06816332639073587 0
2
19.30610438270619
1 0.1633390159293911 -0.1235384314551143 0 -0.03204287158359723 -0.0007690213937402648 0
0.1 -1.633390159294058 -0.2098366709598757 0 0.3204287158359569 -0.06716802555319366 0
2
19.44269345620137
1 0.1586690124975612 -0.12365819256961 0 -0.03637866466646009 -0.000991398927205338 0
0.1 -1.586690124975761 -0.2188638773904196 0 0.3637866466645857 -0.06494425021854294 0
2
19.50879626724483
1 0.1561921518295935 -0.1237277404035878 0 -0.03857228623456098 -0.00111467534490726 0
0.1 -1.561921518296085 -0.2231167391107347 0 0.3857228623455946 -0.06371148604152373 0
2
19.63639044631278
1 0.1509902079535707 -0.1238868052723342 0 -0.04301586663235372 -0.001386587865658959 0
0.1 -1.50990207953586 -0.2310775660375449 0 0.430158666323522 -0.06099236083400673 0
2
19.75759875789115
1 0.1455053942213075 -0.1240729688615914 0 -0.04754117263054999 -0.001694075112991702 0
0.1 -1.45505394221323 -0.2382893709613577 0 0.4754117263054846 -0.0579174883606793 0
2
19.81574037845835
1 0.1426749610517368 -0.1241762735152073 0 -0.04983698263916651 -0.001861881611462318 0
0.1 -1.426749610517523 -0.2416087037819894 0 0.4983698263916498 -0.05623942337597314 0
2
19.92701070097597
1 0.1368736737779367 -0.1244031908382508 0 -0.0545000133257809 -0.002227216559278903 0
0.1 -1.368736737779524 -0.2476690310027747 0 0.5450001332577936 -0.05258607389780729 0
2
20.03154043275432
1 0.130931360472496 -0.1246566812115648 0 -0.05926516114748841 -0.0026345234832226 0
0.1 -1.309313604725117 -0.252959038964986 0 0.5926516114748688 -0.04851300465837033 0
2
20.12932889968722
1 0.1249011839042688 -0.124935791333165 0 -0.06414084394757633 -0.003086887359420644 0
0.1 -1.249011839042847 -0.2574882102260656 0 0.6414084394757479 -0.0439893658963899 0
2
20.2204455199944
1 0.1188330242392157 -0.1252392173854143 0 -0.06913563884341038 -0.003587726507694817 0
0.1 -1.188330242392317 -0.2612747794881013 0 0.6913563884340883 -0.03898097441364817 0
2
20.30502137116292
1 0.1127728817053892 -0.1255653614011925 0 -0.07425828786658836 -0.004140817472435354 0
0.1 -1.127728817054054 -0.2643445386522127 0 0.7425828786658679 -0.03345006476624279 0
2
20.42003551732116
1 0.1037876513595359 -0.1260931115078111 0 -0.08220152945707235 -0.005077643302758289 0
0.1 -1.037876513595522 -0.2676767940839477 0 0.8220152945707077 -0.02408180646301344 0
2
20.52155223105152
1 0.09503445005052398 -0.1266609254324963 0 -0.090483345015525 -0.00615733146159106 0
0.1 -0.950344500505405 -0.2695980173058204 0 0.9048334501552344 -0.01328492487468573 0
2
20.61036095187103
1 0.08662678814951168 -0.1272602331773125 0 -0.09911825238266439 -0.007395496141129963 0
0.1 -0.8662678814952832 -0.270253004349619 0 0.9911825238266283 -0.00090327807929669 0
2
20.70763416230144
1 0.07644069272888765 -0.1280645494005429 0 -0.1107841506248898 -0.009251724976978992 0
0.1 -0.7644069272890448 -0.2694915433997339 0 1.107841506248882 0.01765901027919358 0
2
20.80170165501091
1 0.06535892443189034 -0.1290509101277218 0 -0.1255702399232092 -0.01191000881862038 0
0.1 -0.6535892443190734 -0.2666696630254702 0 1.255702399232075 0.04424184869560752 0
2
20.90787615359018
1 0.05082683563557744 -0.130560061890815 0 -0.1501253138568702 -0.01709027554284271 0
0.1 -0.5082683563559462 -0.2595261814369795 0 1.501253138568685 0.09604451593783077 0
2
21.00371657637953
1 0.03475105536858698 -0.1326217969572459 0 -0.1900531404039939 -0.02761019176598495 0
0.1 -0.3475105536860433 -0.2460832760947155 0 1.900531404039921 0.2012436781692531 0
2
21.10031827829145
1 0.01176231080529853 -0.1369784880807286 0 -0.3274196331729392 -0.0857577861794621 0
0.1 -0.1176231080531606 -0.2097477981968118 0 3.274196331729374 0.782719622304025 0
2
21.20193341466475
1 0.02366224947022377 -0.1531655378297294 0 0.2346803887662046 -0.04258585868726176 0
0.1 -0.236622494702416 -0.05548403092130635 0 -2.346803887662081 0.3510003473820312 0
2
21.304486683438
1 0.04355333004891544 -0.156150072789774 0 0.1658851374996914 -0.02092718587365724 0
0.1 -0.4355333004893361 -0.03331563847523013 0 -1.65885137499695 0.1344136192459861 0
2
21.40636036480522
1 0.05877536068519128 -0.1578806869698823 0 0.1357912195598299 -0.01394884101131121 0
0.1 -0.5877536068520979 -0.02363558111172194 0 -1.357912195598334 0.06463017062252575 0
2
21.51501787955801
1 0.0723781920203565 -0.1591696664348431 0 0.1159082287726706 -0.01013372753710265 0
0.1 -0.7237819202037542 -0.01887969672392961 0 -1.159082287726741 0.02647903588044022 0
2
21.62120056876868
1 0.08391645152142957 -0.1601158283096802 0 0.1020775049212911 -0.007846022575715993 0
0.1 -0.8391645152144888 -0.01736672715424606 0 -1.020775049212946 0.003601986266573631 0
2
21.70049059230022
1 0.09167441496734557 -0.1606874632739148 0 0.0938432446728929 -0.006625131773135741 0
0.1 -0.9167441496736515 -0.01758588908263797 0 -0.9384324467289642 -0.008606921759228883 0
2
21.825988686015
1 0.1027555703586715 -0.1614240296281756 0 0.08314662402411382 -0.005195263923598106 0
0.1 -1.027555703586915 -0.01961479189494248 0 -0.8314662402411732 -0.02290560025460524 0
2
21.93464134099396
1 0.1113620147628552 -0.1619365507632423 0 0.07547494003130555 -0.004277810726441041 0
0.1 -1.113620147628756 -0.02262312701197869 0 -0.7547494003130903 -0.03208013222617591 0
2
22.01447166434598
1 0.1171858459410908 -0.162255662193292 0 0.07051257225906279 -0.003732233384534349 0
0.1 -1.171858459411114 -0.02540797017557837 0 -0.7051257225906629 -0.03753590564524283 0
2
22.10046889565947
1 0.1230378871731155 -0.162554659246553 0 0.06566275190667199 -0.003235258546698667 0
0.1 -1.230378871731365 -0.02885560098016017 0 -0.6566275190667549 -0.04250565402359963 0
2
22.2413898005297
1 0.1317810794320414 -0.1629620351807882 0 0.05858223149172383 -0.002573841674498157 0
0.1 -1.317810794320628 -0.03533093248381428 0 -0.5858223149172732 -0.04911982274560473 0
2
22.34344758243819
1 0.1375217521903225 -0.1632043086993953 0 0.05398031007588779 -0.002184688484973325 0
0.1 -1.375217521903443 -0.04054806317772773 0 -0.5398031007589128 -0.05301135464085305 0
2
22.45204561948829
1 0.1431354935721901 -0.1634219883867576 0 0.0494644119347676 -0.001833938327590694 0
0.1 -1.431354935722123 -0.04650072416980893 0 -0.4946441193477107 -0.05651885621467937 0
2
22.50879045012932
1 0.1458787371238492 -0.16352140303738 0 0.04723641328155145 -0.001672233578957821 0
0.1 -1.458787371238716 -0.04975439578556402 0 -0.4723641328155493 -0.0581359037010081 0
2
22.62711807201317
1 0.151204695286659 -0.1637011850521678 0 0.04283574262598133 -0.001374836479122934 0
0.1 -1.512046952866818 -0.05681437309501883 0 -0.4283574262598481 -0.06110987469935696 0
2
22.75176725867436
1 0.1562711733157644 -0.1638556125871089 0 0.03850279316297717 -0.00111052068084873 0
0.1 -1.562711733157876 -0.0646011164129979 0 -0.3850279316298066 -0.063753032682099 0
2
22.81639462464435
1 0.158689900056712 -0.1639234384632025 0 0.03635946087386569 -0.0009902196738020268 0
0.1 -1.586899000567354 -0.06876074849148982 0 -0.3635946087386919 -0.06495604275256603 0
2
22.95007238108627
1 0.1632639888482811 -0.1640408094251493 0 0.03211460601478857 -0.0007723511386558498 0
0.1 -1.632639888483049 -0.07759392037831518 0 -0.3211460601479207 -0.06713472810402779 0
2
23.01903336485345
1 0.1654058109295825 -0.164090642535289 0 0.03001130259281422 -0.0006744301051875346 0
0.1 -1.654058109296065 -0.08225788711526821 0 -0.3001130259281773 -0.06811393843871094 0
2
23.16093491448149
1 0.1693661022687716 -0.1641735515772361 0 0.02583851117766208 -0.0004998240632106176 0
0.1 -1.693661022687962 -0.09205129688193833 0 -0.2583851117766559 -0.0698599988584801 0
2
23.2337533790723
1 0.1711719478928179 -0.1642070969548289 0 0.02376725672092251 -0.000422859208365608 0
0.1 -1.711719478928427 -0.09716690516768546 0 -0.2376725672092602 -0.07062964740693019 0
2
23.30772677332224
1 0.172853568985653 -0.1642357316933511 0 0.02170492173670567 -0.0003526195930387816 0
0.1 -1.728535689856781 -0.1024180758451576 0 -0.2170492173670918 -0.07133204356019845 0
2
23.45883744275682
1 0.175821798851733 -0.1642795255755084 0 0.01760349414729273 -0.0002318848453352434 0
0.1 -1.758217988517586 -0.1132920157057017 0 -0.1760349414729623 -0.07253939103723384 0
2
23.53581238554492
1 0.1770980932944418 -0.1642953795874185 0 0.01556264579486925 -0.0001812024620887983 0
0.1 -1.770980932944677 -0.118895684288606 0 -0.1556264579487275 -0.0730462148696983 0
2
23.61361813226899
1 0.178229606566302 -0.1643077096835934 0 0.01352720479793326 -0.0001368705592153641 0
0.1 -1.782296065663282 -0.1245967845488712 0 -0.1352720479793676 -0.07348953389843263 0
2
23.7713513657526
1 0.1800421795994006 -0.1643234461477592 0 0.009469036631602094 -6.700594134415985e-05 0
0.1 -1.800421795994273 -0.1362470520749537 0 -0.09469036631605596 -0.07418818007714467 0
2
23.85108486702267
1 0.1807163704984574 -0.1643277248796925 0 0.007444554481510788 -4.137444642468491e-05 0
0.1 -1.807163704984843 -0.1421729742891188 0 -0.0744455448151429 -0.07444449502633943 0
2
23.9312620297712
1 0.1812320953261592 -0.1643302196281225 0 0.005421969093097229 -2.189576643636932e-05 0
0.1 -1.812320953261864 -0.1481499480555243 0 -0.05421969093100732 -0.07463928182622258 0
2
24.01177912667535
1 0.1815872188270018 -0.1643314038273953 0 0.003400400690825747 -8.547653437398408e-06 0
0.1 -1.815872188270293 -0.1541654741859327 0 -0.0340040069082925 -0.07477276295621228 0
2
24.17340945160941
1 0.1818099100181697 -0.16433178138854 0 -0.0006432119992580495 -2.082876485432558e-07 0
0.1 -1.818099100181978 -0.166261060147341 0 0.006432119992545465 -0.07485615661410083 0
2
24.2543079786289
1 0.1816760331843646 -0.164331959835541 0 -0.002667024531704426 -5.226748042423744e-06 0
0.1 -1.816760331843929 -0.1723151969873924 0 0.02667024531700923 -0.07480597201016202 0
2
24.33511807768653
1 0.1813786806227577 -0.164332791825793 0 -0.00469335720110305 -1.639528469449415e-05 0
0.1 -1.813786806227863 -0.1783561788333862 0 0.04693357201099547 -0.07469428664364132 0
2
24.41573188487133
1 0.1809185867797697 -0.1643347708392549 0 -0.006723100377611441 -3.374610764919452e-05 0
0.1 -1.809185867797986 -0.1843709963832553 0 0.06723100377607936 -0.07452077841409431 0
2
24.57594342502185
1 0.1795160075002511 -0.1643441149185078 0 -0.01079639538390414 -8.717897613091409e-05 0
0.1 -1.795160075002805 -0.1962707094324686 0 0.1079639538390064 -0.07398644972927712 0
2
24.65533124770127
1 0.1785778568905168 -0.1643524289457924 0 -0.01284174454685851 -0.000123381311247954 0
0.1 -1.785778568905465 -0.2021304018023948 0 0.1284174454685501 -0.07362442637810672 0
2
24.73410396843632
1 0.1774856056984091 -0.1643637820780312 0 -0.01489409950789136 -0.0001660067886532846 0
0.1 -1.774856056984391 -0.2079136576741174 0 0.1489409950788786 -0.07319817160405341 0
2
24.81216256266043
1 0.1762427677766575 -0.1643786123336436 0 -0.0169543691034888 -0.0002151443188305342 0
0.1 -1.762427677766878 -0.2136086840587192 0 0.169543691034853 -0.07270679630228091 0
2
24.96575774813906
1 0.1733218526709308 -0.1644203570178236 0 -0.02110231097220757 -0.0003333705198646613 0
0.1 -1.733218526709616 -0.2246891023960792 0 0.2110231097220407 -0.07152453429193964 0
2
25.04111400293674
1 0.1716531823965519 -0.1644480412495432 0 -0.02319182526201399 -0.0004026970029482363 0
0.1 -1.71653182396583 -0.2300532966476422 0 0.2319182526201048 -0.07083126946110389 0
2
25.11539620454627
1 0.1698526747626285 -0.1644807380731192 0 -0.02529293882470495 -0.0004790116470401962 0
0.1 -1.698526747626598 -0.2352869632498557 0 0.2529293882470144 -0.07006812302018429 0
2
25.26042710568348
1 0.1658792818782429 -0.1645624180464648 0 -0.02953370987609832 -0.000653219925833924 0
0.1 -1.658792818782747 -0.2453269214472646 0 0.2953370987609482 -0.068326040232247 0
2
25.33103280222698
1 0.1637187559242239 -0.1646119515916934 0 -0.03167525603332336 -0.0007514538642151821 0
0.1 -1.637187559242559 -0.2501170041362314 0 0.3167525603331985 -0.06734370084843441 0
2
25.40027886582421
1 0.1614510312519791 -0.1646675964003981 0 -0.0338321793808462 -0.0008573572352330246 0
0.1 -1.614510312520114 -0.2547441944617271 0 0.3383217938084268 -0.06628466713825598 0
2
25.5344659479109
1 0.1566213171974384 -0.1647979756541982 0 -0.03819600991351016 -0.001093005745075381 0
0.1 -1.566213171974713 -0.2634854106511139 0 0.3819600991350665 -0.06392818203983242 0
2
25.66259292272763
1 0.1514462563069776 -0.1649547446283821 0 -0.04263298039312729 -0.001361980102308628 0
0.1 -1.514462563070109 -0.2715090806753104 0 0.4263298039312378 -0.06123843846749995 0
2
25.72428532423286
1 0.1487471795829704 -0.1650432559477821 0 -0.04488135799121237 -0.00150959848418042 0
0.1 -1.487471795830039 -0.2752421520479374 0 0.4488135799120886 -0.05976225464878203 0
2
25.84278053234089
1 0.1431620753354178 -0.1652407183224228 0 -0.04944289973942161 -0.001832507043216669 0
0.1 -1.431620753354517 -0.2821378709685684 0 0.494428997394181 -0.05653316905841955 0
2
25.95462402858996
1 0.137375418970959 -0.1654653315396549 0 -0.05409759405818056 -0.002194390089054786 0
0.1 -1.373754189709933 -0.2882641460239247 0 0.5409759405817705 -0.05291433860003838 0
2
26.00802159585458
1 0.1344240482436409 -0.1655876755273539 0 -0.05646244639280323 -0.002390794191039113 0
0.1 -1.344240482436754 -0.2910379540254439 0 0.5646244639279971 -0.05095029758019511 0
2
26.10975235478801
1 0.1284390569720887 -0.165851922026078 0 -0.06127238986965255 -0.00281638841231466 0
0.1 -1.284390569721235 -0.2960108745540002 0 0.6127238986964904 -0.04669435536743964 0
2
26.2047626211799
1 0.1223873148822236 -0.1661412873668621 0 -0.06619640411777557 -0.003288414914011445 0
0.1 -1.223873148822588 -0.3002295224217874 0 0.6619640411777205 -0.0419740903504718 0
2
26.33490327987448
1 0.1132891715612479 -0.1666192235813825 0 -0.07381526433616932 -0.004091410927265399 0
0.1 -1.132891715612835 -0.3051922608726046 0 0.7381526433616579 -0.03394413021793224 0
2
26.41365688751926
1 0.1072729920548605 -0.1669645427295746 0 -0.07906264323373118 -0.00469592457535958 0
0.1 -1.072729920548964 -0.3076344258125043 0 0.7906264323372765 -0.02789899373699044 0
2
26.52033546767726
1 0.09841634342888797 -0.1675175780203735 0 -0.08720859528743038 -0.00571782840222273 0
0.1 -0.9841634342892424 -0.3100898436064989 0 0.8720859528742685 -0.01767995546835895 0
2
26.61408186447226
1 0.08985398924627336 -0.1681062140353338 0 -0.09571234279431914 -0.006893388749171734 0
0.1 -0.8985398924630996 -0.3112211736795557 0 0.9571234279431564 -0.005924351998868904 0
2
26.71834949215705
1 0.07929142893580038 -0.1689127977948597 0 -0.1073619235974602 -0.008685276832181866 0
0.1 -0.7929142893583733 -0.3109606271286392 0 1.073619235974567 0.0119945288312324 0
2
26.80093041627123
1 0.06995968634024702 -0.1697086678928996 0 -0.1191125268456175 -0.0107068098348674 0
0.1 -0.6995968634028423 -0.3091837887429346 0 1.19112526845614 0.03220985885808773 0
2
26.90794738798872
1 0.0561615206235839 -0.1710562436079551 0 -0.1402324162412063 -0.01488724250722384 0
0.1 -0.5616152062362151 -0.3037191336907641 0 1.402324162412028 0.07401418558165219 0
2
27.00622645492591
1 0.04095872373265824 -0.1728477615501758 0 -0.1723206542952037 -0.02261200250159509 0
0.1 -0.4095872373269618 -0.2931609521982526 0 1.723206542952003 0.1512617855253646 0
2
27.10220883472558
1 0.02155297364924752 -0.1758912072314049 0 -0.2462216939952284 -0.04704041437468569 0
0.1 -0.2155297364928579 -0.2699115673598818 0 2.46221693995225 0.3955459042562706 0
2
27.20139634440528
1 0.01376841859125952 -0.1921903338673362 0 0.3053333474615595 -0.07387499518941672 0
0.1 -0.1376841859129811 -0.1143453033546496 0 -3.053333474615626 0.6638917124035744 0
2
27.30509896418075
1 0.03725529031908106 -0.1963983631141319 0 0.1824521605409294 -0.02540234116189292 0
0.1 -0.3725529031911996 -0.08002800643364731 0 -1.824521605409324 0.1791651721283363 0
2
27.40535934246901
1 0.05346399366280299 -0.1983989118991221 0 0.1450848078715111 -0.01594756494902645 0
0.1 -0.534639936628422 -0.06752783399306592 0 -1.45084807871514 0.08461740999967146 0
2
27.51389925924086
1 0.06786339334191976 -0.199847088792228 0 0.121992718232425 -0.01123485180134418 0
0.1 -0.6786339334195928 -0.06117117214600235 0 -1.219927182324279 0.03749027852284879 0
2
27.60842102610499
1 0.07870439296524394 -0.2007860048691633 0 0.1080556518215364 -0.008798196793267947 0
0.1 -0.7870439296528372 -0.05885774443763862 0 -1.080556518215392 0.01312372844208646 0
2
27.70480575559493
1 0.08856893177182404 -0.2015469866377073 0 0.09705378706449301 -0.007088620672577945 0
0.1 -0.885689317718641 -0.05846311791559233 0 -0.9705378706449586 -0.003972032764813551 0
2
27.82392560455297
1 0.09946035350548933 -0.2022968413308363 0 0.08621752494024042 -0.005587710451444034 0
0.1 -0.9946035350552971 -0.0598816731656874 0 -0.8621752494024326 -0.01898113497615266 0
2
27.92757469559971
1 0.1079825334862054 -0.202823757231343 0 0.0784329844001633 -0.004620843320824207 0
0.1 -1.079825334862461 -0.06237150264117976 0 -0.7843298440016615 -0.02864980628235093 0
2
28.00389297036486
1 0.1137731338027263 -0.2031538268965643 0 0.07340116417659287 -0.004045191845685123 0
0.1 -1.137731338027672 -0.06478385767884474 0 -0.7340116417659573 -0.03440632103374176 0
2
28.12977267908439
1 0.1225403177786089 -0.2036125697009032 0 0.06607056757401086 -0.003275618763998742 0
0.1 -1.225403177786502 -0.06961956301778852 0 -0.6607056757401374 -0.04210205185060557 0
2
28.22156389479645
1 0.1283835339620564 -0.2038917631846723 0 0.06131697829597743 -0.002820240921413618 0
0.1 -1.28383533962098 -0.07369895698900381 0 -0.6131697829598031 -0.0466558302764568 0
2
28.3198086360455
1 0.1341756128004578 -0.2041479991626161 0 0.05666127863329238 -0.002407453944204342 0
0.1 -1.341756128004997 -0.07849102557867882 0 -0.5666127863329526 -0.05078370004854955 0
2
28.42457977460981
1 0.1398696763379126 -0.2043801550717511 0 0.05209595564252277 -0.002034537549855358 0
0.1 -1.398696763379548 -0.08401244946967727 0 -0.5209595564252565 -0.0545128639920394 0
2
28.53588698226768
1 0.1454157011066079 -0.2045874232149009 0 0.04761358443501327 -0.001699036170322244 0
0.1 -1.454157011066504 -0.09027202964606157 0 -0.4761358443501615 -0.05786787778737053 0
2
28.65366929775578
1 0.1507611556152798 -0.2047693588577132 0 0.04320682071604021 -0.001398743624524891 0
0.1 -1.507611556153227 -0.09726964999850325 0 -0.4320682071604309 -0.06087080324534406 0
2
28.71494862764176
1 0.1533417581637499 -0.2048507980157577 0 0.0410295166544428 -0.001261176010799859 0
0.1 -1.533417581637929 -0.1010425211704851 0 -0.4102951665444567 -0.06224647938259438 0
2
28.84215905613071
1 0.1582843498450109 -0.2049947994226899 0 0.03672255015115963 -0.001010072210522146 0
0.1 -1.582843498450543 -0.1091252558226906 0 -0.3672255015116251 -0.06475751738537151 0
2
28.90802440667245
1 0.1606325602667825 -0.2050575200321486 0 0.0345910931718709 -0.0008961262934390468 0
0.1 -1.60632560266826 -0.1134286139130885 0 -0.3459109317187378 -0.06589697655620251 0
2
29.0440702196163
1 0.1650486981373371 -0.205165020176814 0 0.0303677696733587 -0.0006905198864331705 0
0.1 -1.65048698137381 -0.1225377625134783 0 -0.3036776967336158 -0.06795304062626127 0
2
29.11415216054688
1 0.1671032695706827 -0.2052101381005695 0 0.02827412681378516 -0.0005985267091172595 0
0.1 -1.671032695707268 -0.1273327939940696 0 -0.2827412681378804 -0.06887297239942038 0
2
29.25814691628852
1 0.1708732097433912 -0.2052841826831929 0 0.02411845572534961 -0.0004354204944731746 0
0.1 -1.708732097434358 -0.1373715420785332 0 -0.2411845572535249 -0.07050403454586122 0
2
29.33192882878343
1 0.1725763326168622 -0.2053136279627426 0 0.02205466405950962 -0.0003640472884197292 0
0.1 -1.72576332616907 -0.1426002733586539 0 -0.220546640595125 -0.07121776660639567 0
2
29.40680457076217
1 0.1741505053476723 -0.2053384157625713 0 0.01999906188074491 -0.0002993066719772873 0
0.1 -1.741505053477173 -0.1479574615854478 0 -0.1999906188074779 -0.07186517277082008 0
2
29.55952066653207
1 0.1768907686428879 -0.2053753649322152 0 0.01590891319985784 -0.0001893297588940651 0
0.1 -1.768907686429333 -0.1590200279602193 0 -0.1590891319986072 -0.0729649419016523 0
2
29.63719124772887
1 0.1780471737229416 -0.2053882629812884 0 0.01387261193213557 -0.0001439248302991212 0
0.1 -1.780471737229872 -0.1647053304380911 0 -0.1387261193213845 -0.07341899118760173 0
2
29.71561671771304
1 0.1790553267529034 -0.2053979734927632 0 0.0118409899949612 -0.0001048150017836065 0
0.1 -1.790553267529493 -0.1704790179375798 0 -0.1184098999496408 -0.07381008947275688 0
2
29.87434985591418
1 0.1806123202429158 -0.205409545949126 0 0.007788274969901507 -4.526476449131689e-05 0
0.1 -1.806123202429621 -0.1822457766485066 0 -0.07788274969904387 -0.07440559184567978 0
2
29.95445848834028
1 0.1811551246453131 -0.2054123083679312 0 0.005765425793634464 -2.474364546449542e-05 0
0.1 -1.811551246453597 -0.1882149436518721 0 -0.05765425793637344 -0.074610803035948 0
2
30.03492481564639
1 0.1815376522716011 -0.2054136790996874 0 0.00374374313771108 -1.035613165247542e-05 0
0.1 -1.815376522716478 -0.1942248039347196 0 -0.03743743137713961 -0.0747546781740682 0
2
30.11564353845283
1 0.1817582276174475 -0.2054141400853225 0 0.0017223460148226 -2.088963511490143e-06 0
0.1 -1.817582276174945 -0.2002626555615872 0 -0.01722346014825482 -0.07483734985547805 0
2
30.27741029445688
1 0.181709663311232 -0.2054142954816396 0 -0.002323124639866865 -3.916840491146377e-06 0
0.1 -1.817096633112794 -0.2123706761609838 0 0.02323124639863984 -0.07481907108568148 0
2
30.35824259959515
1 0.1814400428217789 -0.2054149796184098 0 -0.004348970156190611 -1.403968613744634e-05 0
0.1 -1.814400428218266 -0.2184147988498994 0 0.04348970156187729 -0.07471784262921848 0
2
30.43889689685523
1 0.1810075157986248 -0.2054167273109968 0 -0.006378074741533445 -3.033859302705687e-05 0
0.1 -1.810075157986727 -0.224434960624269 0 0.06378074741530562 -0.07455485356032238 0
2
30.51926590560304
1 0.1804132990384999 -0.2054200279580528 0 -0.008411331291721318 -5.285496505677111e-05 0
0.1 -1.80413299038548 -0.2304182366581747 0 0.08411331291718435 -0.07432968984002522 0
2
30.67872536040843
1 0.1787475223928204 -0.2054332041714522 0 -0.01249388882503592 -0.0001167617047617747 0
0.1 -1.78747522392869 -0.2422233285810417 0 0.1249388882503303 -0.07369062244297518 0
2
30.75760920145619
1 0.1776812158029392 -0.2054440081341826 0 -0.01454499349327503 -0.0001582912600107534 0
0.1 -1.776812158029879 -0.2480203944188296 0 0.1454499349327214 -0.0732753268904854 0
2
30.83579552527089
1 0.1764636903119897 -0.2054582161948176 0 -0.01660385811869554 -0.0002063169655998826 0
0.1 -1.764636903120387 -0.2537312043654891 0 0.1660385811869265 -0.07279506983459411 0
2
30.9131879421045
1 0.1750988755750233 -0.205476250460835 0 -0.01867139535649995 -0.0002609375359380698 0
0.1 -1.750988755750725 -0.2593443217794015 0 0.1867139535649707 -0.07224886413121223 0
2
31.06522371242805
1 0.1719454459182672 -0.2055253769463452 0 -0.0228361629871371 -0.000390418350443316 0
0.1 -1.719454459183169 -0.2702341870303162 0 0.2283616298713422 -0.07095405598615977 0
2
31.13969365796725
1 0.1701669453961291 -0.2055571978547616 0 -0.02493524429739695 -0.0004655369492806423 0
0.1 -1.701669453961789 -0.275490666964177 0 0.2493524429739406 -0.07020286999778651 0
2
31.21302356580761
1 0.1682613156745097 -0.2055942985964184 0 -0.0270467006554576 -0.0005477676421869933 0
0.1 -1.682613156745598 -0.2806090073505458 0 0.2704670065545471 -0.06938056306872299 0
2
31.35596856920944
1 0.1640928857597612 -0.2056854909378234 0 -0.03131050514036005 -0.000734223470779686 0
0.1 -1.640928857598116 -0.2903976952351332 0 0.3131050514035715 -0.06751600478279607 0
2
31.42544944213182
1 0.1618429036460481 -0.2057400820341896 0 -0.03346475279837301 -0.0008388114170148222 0
0.1 -1.618429036460988 -0.2950530000967102 0 0.3346475279837012 -0.0664701253204447 0
2
31.56013354059041
1 0.1570451503187747 -0.2058682659625725 0 -0.03782273943554877 -0.001071719328434822 0
0.1 -1.570451503188258 -0.3038533753108684 0 0.3782273943554588 -0.0641410462062447 0
2
31.62523594933774
1 0.1545113837197641 -0.205942166981829 0 -0.04002842045449834 -0.001200487680081151 0
0.1 -1.545113837198153 -0.3079878168237254 0 0.4002842045449545 -0.06285336268978141 0
2
31.75075237989509
1 0.1492098567551783 -0.2061101156569349 0 -0.04449807088417774 -0.001483888277775865 0
0.1 -1.492098567552299 -0.315704269091333 0 0.4449807088417484 -0.06001935671283427 0
2
31.81109988450036
1 0.1464565533383781 -0.206204279316846 0 -0.04676402976262246 -0.0016390621804934 0
0.1 -1.464565533384299 -0.3192801404446237 0 0.4676402976261956 -0.05846761768565892 0
2
31.92684917685304
1 0.1407809105571979 -0.2064130447497122 0 -0.05136325226762477 -0.001977836477102749 0
0.1 -1.4078091055725 -0.3258572743637647 0 0.5136325226762187 -0.05507987471956544 0
2
32.03590146730183
1 0.134927138995579 -0.206648800269506 0 -0.05605903472795085 -0.00235669020141571 0
0.1 -1.349271389956314 -0.3316631816412399 0 0.5605903472794797 -0.05129133747643582 0
2
32.13820478595005
1 0.1289501827686136 -0.206910857061658 0 -0.06085969178247548 -0.002778497674046885 0
0.1 -1.289501827686663 -0.3367008600477704 0 0.6085969178247258 -0.04707326275012407 0
2
32.23378244606769
1 0.1229021988457383 -0.2071981402411335 0 -0.06577369311687567 -0.00324645115955243 0
0.1 -1.229021988457913 -0.3409828036240526 0 0.6577369311687278 -0.04239372789506862 0
2
32.32272514953654
1 0.1168318459546693 -0.2075092426391805 0 -0.07080966964230045 -0.003764084211542864 0
0.1 -1.168318459547225 -0.3445298738407943 0 0.7080966964229756 -0.03721739737516428 0
2
32.40518235423312
1 0.1107837431278643 -0.2078424820217442 0 -0.07597641884797786 -0.004335297332895985 0
0.1 -1.107837431279177 -0.3473700811920596 0 0.7597641884797497 -0.03150526616163307 0
2
32.51715503718818
1 0.1018399895971053 -0.2083796485516866 0 -0.08399140747717462 -0.005302091761613372 0
0.1 -1.018399895971592 -0.3503804938096888 0 0.8399140747717172 -0.0218373218744592 0
2
32.61582823187102
1 0.09315172241995394 -0.2089552871548838 0 -0.09235185986043684 -0.006415535576753954 0
0.1 -0.9315172242000807 -0.352010609416588 0 0.9235185986043394 -0.01070288372305339 0
2
32.70174256023318
1 0.08485534282914736 -0.2095586108741516 0 -0.1010413282625549 -0.007686976991980665 0
0.1 -0.8485534282920173 -0.352408767592118 0 1.01041328262552 0.002011530429213709 0
2
32.81553125712243
1 0.07256797815406396 -0.2105600351262252 0 -0.1156616410546069 -0.01009074273902315 0
0.1 -0.7256797815411865 -0.3509125465944403 0 1.156616410546039 0.02604918789963859 0
2
32.90130416226214
1 0.06204027860989976 -0.2115369039460098 0 -0.130562839498465 -0.01288546512319629 0
0.1 -0.6204027860995469 -0.3475646670713464 0 1.305628394984621 0.05399641174137001 0
2
33.00808927230267
1 0.04673395704417387 -0.2132042336036562 0 -0.1586198905552614 -0.01910837124113817 0
0.1 -0.4673395704422914 -0.3388851158363254 0 1.586198905552583 0.1162254729207888 0
2
33.10168973040626
1 0.02993994197852438 -0.2155169263919756 0 -0.2068138841343273 -0.03282580395538206 0
0.1 -0.299399419785799 -0.32276495346228 0 2.068138841343242 0.2533998000632277 0
2
33.20002960867065
1 0.0006877658708087541 -0.2234978218161789 0 -0.642830804702798 -0.4865851935155011 0
0.1 -0.006877658708645869 -0.2503175493788385 0 6.428308047027951 4.790993695664416 0
2
33.30423792689336
1 0.02995190962051959 -0.2363963260129254 0 0.2067682626271558 -0.03280992921188686 0
0.1 -0.2995190962057573 -0.1291333586538031 0 -2.067682626271587 0.253241052628261 0
2
33.40062015296652
1 0.0471830027480965 -0.2387609604806868 0 0.1576438850993726 -0.01886976673109632 0
0.1 -0.4718300274815292 -0.112702017738212 0 -1.576438850993755 0.1138394278203555 0
2
33.50241394216149
1 0.06175889280644414 -0.2403464785581851 0 0.1310004961056522 -0.01297221555216167 0
0.1 -0.6175889280650084 -0.1044669408134426 0 -1.310004961056551 0.05486391603100905 0
2
33.60115402942257
1 0.07381025338035288 -0.2414587259015082 0 0.1140663499540724 -0.009811686906618797 0
0.1 -0.7381025338040985 -0.1007359764797234 0 -1.140663499540753 0.02325862957558029 0
2
33.71122018993702
1 0.08556925408780783 -0.2424065729449739 0 0.1002612736190046 -0.007567577510947375 0
0.1 -0.8556925408786509 -0.09949686504866843 0 -1.002612736190075 0.0008175356188660732 0
2
33.82374783510296
1 0.09621309235697778 -0.2431648826520119 0 0.08933000451680943 -0.006000243973208095 0
0.1 -0.9621309235703536 -0.1003373893894348 0 -0.8933000451681233 -0.01485579975852673 0
2
33.9225364928534
1 0.1046369881684638 -0.2437051803975459 0 0.08142869619723879 -0.004981875273536317 0
0.1 -1.046369881685217 -0.1023295569349334 0 -0.8142869619724168 -0.02503948675524452 0
2
34.03407740214965
1 0.1132842812147051 -0.2442091022657711 0 0.07381905646751361 -0.004091472520439734 0
0.1 -1.132842812147632 -0.1056400943537805 0 -0.7381905646751648 -0.03394351428621034 0
2
34.11592734016434
1 0.1191215466622837 -0.2445217296594208 0 0.0688947982703753 -0.003562371260149025 0
0.1 -1.191215466623421 -0.108640962679478 0 -0.6889479827037817 -0.03923452688911745 0
2
34.2040056445172
1 0.1249743545331644 -0.2448136973137589 0 0.06408052664051257 -0.00308075362749696 0
0.1 -1.249743545332231 -0.1123146729372699 0 -0.6408052664051543 -0.04405070321563809 0
2
34.34813010419253
1 0.1336920463963179 -0.2452096560158941 0 0.05704860137335992 -0.00244049404362776 0
0.1 -1.336920463963769 -0.1191439892347483 0 -0.5704860137336278 -0.05045329905433008 0
2
34.45235155805744
1 0.1393962003667496 -0.2454438635307049 0 0.05247597055264015 -0.002064329392117397 0
0.1 -1.393962003668089 -0.1246037486401191 0 -0.52475970552643 -0.05421494556943371 0
2
34.5069156735495
1 0.1421975974821616 -0.2455516935461662 0 0.05022145587011085 -0.001890496224827828 0
0.1 -1.421975974822211 -0.1276100221106036 0 -0.5022145587011371 -0.0559532772423294 0
2
34.62092799808937
1 0.1476666529582341 -0.2457484479724512 0 0.04577142170177394 -0.001569898683539268 0
0.1 -1.476666529582939 -0.1341772397430403 0 -0.457714217017768 -0.05915925265521501 0
2
34.74136763809559
1 0.1529127258353105 -0.245919802215834 0 0.04139396135387814 -0.001283662322712396 0
0.1 -1.529127258353707 -0.1414795967249607 0 -0.4139396135388099 -0.06202161626348372 0
2
34.8039472434814
1 0.1554350766588661 -0.245995981030351 0 0.03923018015958895 -0.00115283460481419 0
0.1 -1.554350766589264 -0.145402407666989 0 -0.392301801595918 -0.06332989344246578 0
2
34.93367950319273
1 0.1602439578309167 -0.2461296410747477 0 0.0349480174024166 -0.0009146909373438562 0
0.1 -1.602439578309774 -0.15377733579015 0 -0.3494801740241946 -0.06571133011716911 0
2
35.00075739379614
1 0.1625167606944628 -0.2461873298976732 0 0.0328278468643658 -0.0008069871445002569 0
0.1 -1.625167606945237 -0.1582217803602104 0 -0.3282784686436865 -0.0667883680456051 0
2
35.13910872578512
1 0.1667653350558242 -0.2462851698787084 0 0.02862487750030023 -0.0006134420191488031 0
0.1 -1.667653350558855 -0.1676001176937342 0 -0.2862487750030308 -0.06872381929911965 0
2
35.21027453794424
1 0.1687279880669771 -0.2463257099356868 0 0.02654030644916324 -0.0005272885195082488 0
0.1 -1.687279880670386 -0.1725220645341017 0 -0.2654030644916609 -0.06958535429552519 0
2
35.35627691350179
1 0.1722986555545813 -0.2463912278168864 0 0.02240057688401256 -0.0003755296227863243 0
0.1 -1.722986555546432 -0.1827963665177893 0 -0.2240057688401541 -0.07110294326274444 0
2
35.43097394607892
1 0.1738948569013212 -0.2464167725731512 0 0.02034365754608363 -0.0003096835180670324 0
0.1 -1.738948569013833 -0.1881326073090385 0 -0.2034365754608648 -0.07176140430993737 0
2
35.50670018121409
1 0.1753575932651914 -0.2464379326028458 0 0.01829419672264229 -0.0002503850356057548 0
0.1 -1.753575932652538 -0.1935897396575629 0 -0.1829419672264514 -0.07235438913455014 0
2
35.66090807529146
1 0.1778626503738582 -0.2464685305095888 0 0.01421414023729402 -0.0001510749867748094 0
0.1 -1.77862650373921 -0.2048274920563185 0 -0.1421414023729687 -0.07334748962285959 0
2
35.73921292199169
1 0.1788959637460374 -0.2464787446125866 0 0.01218179036127532 -0.0001109132957434476 0
0.1 -1.788959637461005 -0.2105871139939016 0 -0.1218179036127817 -0.07374910653317319 0
2
35.81819401459239
1 0.1797778629292305 -0.2464861226341738 0 0.01015338994382212 -7.699878370549293e-05 0
0.1 -1.797778629292938 -0.216425719323162 0 -0.1015338994382497 -0.07408825165355275 0
2
35.97779175481212
1 0.1810744962467975 -0.2464941442519449 0 0.006104926562793705 -2.773170769028408e-05 0
0.1 -1.810744962468612 -0.2282927090049801 0 -0.06104926562796555 -0.07458092241370483 0
2
36.05820491153811
1 0.1814840618839957 -0.2464957129720069 0 0.004083105962433997 -1.231649480980904e-05 0
0.1 -1.814840618840597 -0.2342966091487483 0 -0.04083105962436847 -0.07473507454250958 0
2
36.13888825429602
1 0.1817319178540749 -0.246496290490447 0 0.00206171891293097 -3.023120040696037e-06 0
0.1 -1.817319178541391 -0.2403306469594222 0 -0.0206171891293382 -0.07482800829020071 0
2
36.21973525198779
1 0.1818168594182302 -0.2464963652649483 0 3.988299286337982e-05 1.526595095395199e-07 0
0.1 -1.818168594182946 -0.2463819631297163 0 -0.0003988299286622954 -0.07485976608570306 0
2
36.30063836111839
1 0.1817382573533015 -0.2464964308431508 0 -0.001983286231451227 -2.795773035465222e-06 0
0.1 -1.817382573533661 -0.2524375716665248 0 0.01983286231448376 -0.07483028176025303 0
2
36.46218081682905
1 0.1810908184569495 -0.2464985157050583 0 -0.006037174289538081 -2.71463269588303e-05 0
0.1 -1.810908184570146 -0.2645095068849396 0 0.06037174289535231 -0.07458677622101938 0
2
36.54260474069877
1 0.1805236385346072 -0.2465015199220381 0 -0.008069674900891315 -4.861647712362985e-05 0
0.1 -1.805236385346725 -0.2704998580689555 0 0.08069674900888464 -0.07437207471937138 0
2
36.62265498671648
1 0.1797962200396119 -0.2465064786566729 0 -0.01010707300185268 -7.634708195538751e-05 0
0.1 -1.797962200396774 -0.2764426912102835 0 0.1010707300184983 -0.0740947686710538 0
2
36.70222683374239
1 0.1789108228937445 -0.2465138649017169 0 -0.01215026782651151 -0.0001104001087363089 0
0.1 -1.789108228938103 -0.2823254371412197 0 0.1215026782650866 -0.07375423840324458 0
2
36.85952750523917
1 0.1766778607517076 -0.2465377435634978 0 -0.01625766439996335 -0.0001977785403119601 0
0.1 -1.766778607517738 -0.29386190186235 0 0.162576643999605 -0.07288045408748807 0
2
36.93705937649558
1 0.1753374825067227 -0.2465551054340014 0 -0.01832368536345683 -0.0002512856281791581 0
0.1 -1.753374825067892 -0.2994921825439801 0 0.1832368536345397 -0.07234538320881609 0
2
37.01371983709413
1 0.1738534494583154 -0.2465766286341106 0 -0.02039914209557512 -0.0003114788890200241 0
0.1 -1.738534494583821 -0.3050156176618347 0 0.2039914209557226 -0.07174345060040742 0
2
37.16407256729263
1 0.1704739508785906 -0.2466336587335578 0 -0.02458205560660967 -0.0004524198461838558 0
0.1 -1.704739508786578 -0.3157004573526286 0 0.2458205560660682 -0.0703340410287691 0
2
37.2375988477655
1 0.1685892613467384 -0.2466698505152483 0 -0.02669137264020123 -0.0005334468482317516 0
0.1 -1.685892613468057 -0.3208425874482159 0 0.2669137264019837 -0.06952377100829014 0
2
37.30992235989441
1 0.1665823965034094 -0.2467115700502541 0 -0.02881384654757631 -0.000621719191591727 0
0.1 -1.665823965034769 -0.325839402889905 0 0.2881384654757345 -0.06864104757469039 0
2
37.45068370191311
1 0.1622273339522789 -0.2468126430713798 0 -0.03310205298280756 -0.0008207027114219904 0
0.1 -1.622273339523468 -0.3353658189305037 0 0.331020529828047 -0.06665121237638776 0
2
37.51899635550017
1 0.159892357838642 -0.2468724438772255 0 -0.03526969632733248 -0.0009317997457628703 0
0.1 -1.598923578387101 -0.339881575854506 0 0.3526969632732962 -0.06554024203297895 0
2
37.65121463182906
1 0.1549420123388809 -0.2470114523395673 0 -0.03965689373369421 -0.001178276319226929 0
0.1 -1.549420123389493 -0.3483891186255516 0 0.3965689373369135 -0.06307547629833835 0
2
37.71502895735318
1 0.1523408452491907 -0.2470909143803416 0 -0.04187840251237911 -0.001314129286561862 0
0.1 -1.523408452492593 -0.3523715262808245 0 0.4187840251237624 -0.06171694662498902 0
2
37.83788267216939
1 0.1469225522283965 -0.2472701497144358 0 -0.04638218657097548 -0.00161236515579556 0
0.1 -1.469225522284654 -0.3597757857459053 0 0.4638218657097261 -0.05873458793265204 0
2
37.9541885817503
1 0.1412644485199731 -0.2474766307366116 0 -0.05097368525133227 -0.001947899603866348 0
0.1 -1.412644485200423 -0.3664174311577281 0 0.509736852513294 -0.05537924345194416 0
2
38.00983870514096
1 0.1383633311537137 -0.2475900382637954 0 -0.05330487013756014 -0.002130440486956629 0
0.1 -1.383633311537831 -0.3694492261503498 0 0.5330487013755727 -0.05355383462104134 0
2
38.11608428608809
1 0.1324517954450537 -0.2478368430440845 0 -0.05804327604202139 -0.002526802123631262 0
0.1 -1.324517954451234 -0.3749345354908177 0 0.5804327604201852 -0.04959021825429502 0
2
38.21558191714408
1 0.1264391590388584 -0.248109545979042 0 -0.06289006138202216 -0.002967405980655311 0
0.1 -1.264391590389283 -0.3796557236355797 0 0.628900613820193 -0.04518417968405453 0
2
38.30838395929112
1 0.1203761999070916 -0.2484069271245708 0 -0.06785376222740939 -0.003455583369585481 0
0.1 -1.203761999071618 -0.3836289096765526 0 0.6785376222740653 -0.04030240579475283 0
2
38.43530233135034
1 0.1112891495636032 -0.24889585628949 0 -0.07553760647612152 -0.004285209035712974 0
0.1 -1.112891495636739 -0.3882405039187279 0 0.7553760647611868 -0.03200614913347792 0
2
38.51199180765225
1 0.1052968466105543 -0.2492477121370736 0 -0.08083202672693494 -0.004909268868445383 0
0.1 -1.052968466106251 -0.3904627846263091 0 0.808320267269321 -0.02576555080615382 0
2
38.61573218333001
1 0.09649687632088741 -0.249809243667029 0 -0.08905426350768796 -0.005963541064327022 0
0.1 -0.9649687632095857 -0.392613291214087 0 0.8905426350768512 -0.01522282884733743 0
2
38.70675660176729
1 0.08801157522223961 -0.2504047318542951 0 -0.09764133823659642 -0.007175607714181631 0
0.1 -0.8801157522231104 -0.3934723370562966 0 0.9764133823659357 -0.003102162348791348 0
2
38.80698970162588
1 0.07766398464591066 -0.2512101306470421 0 -0.1092987403374797 -0.00900367499526861 0
0.1 -0.7766398464598241 -0.3929216225229281 0 1.092987403374769 0.01517851046207844 0
2
38.9037762698659
1 0.06640710083704088 -0.2521991537598995 0 -0.1240537783458802 -0.01162163795448668 0
0.1 -0.6640710083711293 -0.3902766634991404 0 1.240537783458774 0.04135814005425912 0
2
39.00161776624797
1 0.05329847748578668 -0.2535303360891214 0 -0.1453919095286337 -0.01601664353087809 0
0.1 -0.5329847748585901 -0.3842890823752093 0 1.453919095286308 0.08530819581817325 0
2
39.10506865700204
1 0.03646024625369135 -0.2556241730524459 0 -0.1847932284378674 -0.0260725968326229 0
0.1 -0.3646024625376399 -0.3710948642975507 0 1.847932284378645 0.1858677288356214 0
2
39.20147289661412
1 0.01466178491785877 -0.2595081936929751 0 -0.2966900961848709 -0.0695128822912974 0
0.1 -0.1466178491793168 -0.3394713095490497 0 2.966900961848682 0.6202705834223664 0
2
39.30228063803057
1 0.02121966390359705 -0.2759560195071359 0 0.2481754056491088 -0.04781748614649982 0
0.1 -0.2121966390367019 -0.1825393414569037 0 -2.481754056491114 0.4033166219744032 0
2
39.4034588240533
1 0.04161846573593114 -0.2791494442131205 0 0.1706366659332055 -0.02216379008131737 0
0.1 -0.4161846573600452 -0.1581791152775707 0 -1.706366659332079 0.1467796613225787 0
2
39.51036618077676
1 0.05789232141688649 -0.2810364881911659 0 0.137264427787679 -0.01425622544833924 0
0.1 -0.5789232141696011 -0.1473115720100279 0 -1.372644277876815 0.06770401499279742 0
2
39.61622397247452
1 0.07129742044174028 -0.2823215736106323 0 0.1173247548144329 -0.01038468437048841 0
0.1 -0.7129742044181419 -0.1423850457382213 0 -1.173247548144354 0.02898860421428914 0
2
39.71953638341985
1 0.08266894208574754 -0.2832662365479224 0 0.1034720617990713 -0.008062988292522961 0
0.1 -0.8266894208582173 -0.1406722015662182 0 -1.034720617990738 0.005771643434634628 0
2
39.82533374219062
1 0.09301301207559569 -0.2840282092615821 0 0.09249065083097352 -0.00643441006779691 0
0.1 -0.9301301207567015 -0.1409722784499557 0 -0.9249065083097606 -0.01051413881262588 0
2
39.91940266241021
1 0.1013257303736045 -0.2845808862789324 0 0.08446844872771903 -0.005362259386270056 0
0.1 -1.013257303736792 -0.1424873420348721 0 -0.8446844872772156 -0.02123564562789442 0
2
40.02587543404716
1 0.1098975050769371 -0.2850997301575808 0 0.07674846054938972 -0.004423711181274733 0
0.1 -1.098975050770121 -0.1452692674868136 0 -0.7674846054939224 -0.03062112767784764 0
2
40.10417767208299
1 0.1157083616411745 -0.2854236396013047 0 0.07175638488375435 -0.003865292116457688 0
0.1 -1.157083616412497 -0.1478917407371104 0 -0.7175638488375687 -0.03620531832601809 0
2
40.23315884737954
1 0.1244831956707431 -0.2858720751884739 0 0.06448056096776908 -0.003119379407654697 0
0.1 -1.244831956708186 -0.1530626885755463 0 -0.6448056096777161 -0.04366444541404799 0
2
40.32708095282108
1 0.1303143687610871 -0.2861437745838604 0 0.0597603078522022 -0.002678467546696353 0
0.1 -1.303143687611629 -0.1573765380842849 0 -0.5976030785220472 -0.04807356402363143 0
2
40.42748724347044
1 0.1360792162744878 -0.2863921115868212 0 0.05513543905988958 -0.002279212865142807 0
0.1 -1.360792162745638 -0.1624094062064695 0 -0.551354390598921 -0.05206611083916688 0
2
40.5344304644724
1 0.1417297545180345 -0.2866160627125753 0 0.05059847166210977 -0.001918984793338265 0
0.1 -1.417297545181108 -0.1681754761985889 0 -0.505984716621123 -0.0556683915572123 0
2
40.6478976138597
1 0.1472150491242251 -0.2868149357301457 0 0.04614200836999534 -0.001595412206593695 0
0.1 -1.472150491243016 -0.174680697066035 0 -0.4614200836999787 -0.058904117424658 0
2
40.70705383674953
1 0.1498791724769049 -0.2869048538049551 0 0.04394167565740457 -0.001446698012790344 0
0.1 -1.498791724769816 -0.1782098470183869 0 -0.4394167565740711 -0.0603912593626915 0
2
40.83012128025189
1 0.1550163751339496 -0.2870656499260398 0 0.03959226700912358 -0.001174194310261224 0
0.1 -1.550163751340266 -0.1858144979667346 0 -0.3959226700912611 -0.0631162963879827 0
2
40.95934808942706
1 0.1598529682474738 -0.2872013784117238 0 0.03530519254605174 -0.0009334600915737195 0
0.1 -1.598529682475511 -0.1941309045397344 0 -0.3530519254605429 -0.06552363857485775 0
2
41.02618345334287
1 0.1621413475833488 -0.2872600709524068 0 0.0331827908956122 -0.0008245079700714537 0
0.1 -1.621413475834263 -0.1985471568113555 0 -0.3318279089561474 -0.06661315978988042 0
2
41.16407473524317
1 0.1664244337492241 -0.2873598319839836 0 0.02897580641638522 -0.0006285494832704911 0
0.1 -1.66424433749302 -0.2078718450997459 0 -0.2897580641638776 -0.06857274465789004 0
2
41.23502485706668
1 0.1684059699246346 -0.2874012792070401 0 0.02688945056197109 -0.0005412268387469378 0
0.1 -1.684059699247127 -0.2127685740805332 0 -0.2688945056197362 -0.06944597110312557 0
2
41.30723172247205
1 0.1702723472636876 -0.287437407045714 0 0.02481334065095884 -0.0004608179610329763 0
0.1 -1.702723472637659 -0.2178125745171738 0 -0.2481334065096137 -0.07025005988026518 0
2
41.45514521819078
1 0.1736355463535474 -0.2874947903090367 0 0.0206883345219852 -0.000320240633953693 0
0.1 -1.736355463536259 -0.2283112857703513 0 -0.2068833452198773 -0.071655833151058 0
2
41.53070392967135
1 0.1751210413111894 -0.287516659707771 0 0.01863767966909217 -0.0002598506985874488 0
0.1 -1.751210413112682 -0.2337487839026207 0 -0.186376796690947 -0.07225973250472045 0
2
41.60722396376637
1 0.1764687998011772 -0.2875344354103508 0 0.01659375287315624 -0.0002059312424268938 0
0.1 -1.764687998012562 -0.2392991819149372 0 -0.1659375287315877 -0.072798927066326 0
2
41.76280129983775
1 0.1787323957330752 -0.2875592193240589 0 0.01252257460880641 -0.0001171849839274511 0
0.1 -1.787323957331546 -0.2506975882607959 0 -0.1252257460880894 -0.07368638965132042 0
2
41.84167521200689
1 0.1796399493604934 -0.2875670406738392 0 0.01049356904312797 -8.222643146407422e-05 0
0.1 -1.79639949360573 -0.2565237369697096 0 -0.104935690431305 -0.07403597517595419 0
2
41.92114439547881
1 0.1803932603670701 -0.2875723904254236 0 0.008467782710177891 -5.347469555681401e-05 0
0.1 -1.803932603671498 -0.2624191626223281 0 -0.08467782710180423 -0.07432349253502679 0
2
42.00110881339221
1 0.1809893922570415 -0.2875757217205468 0 0.006444337467250715 -3.089121054435573e-05 0
0.1 -1.809893922571214 -0.268371845217984 0 -0.06444337467253249 -0.07454932738515138 0
2
42.16211083540744
1 0.1817010277852896 -0.2875782096217102 0 0.00240095232704073 -4.128933165450959e-06 0
0.1 -1.817010277853699 -0.2803992941288366 0 -0.02400952327043263 -0.07481695015894041 0
2
42.24293742628862
1 0.1818133683382251 -0.2875783322842205 0 0.0003792498390302528 7.281498110322579e-08 0
0.1 -1.818133683383056 -0.2864486038011251 0 -0.003792498390327857 -0.07485896764040595 0
2
42.32383822445674
1 0.1817622309139545 -0.287578362765836 0 -0.001643637374982391 -1.847802119559303e-06 0
0.1 -1.817622309140353 -0.2925043903092198 0 0.01643637374979858 -0.07483976146939932 0
2
42.40470524218296
1 0.1815474704688478 -0.287578796527473 0 -0.003668595666294156 -9.906472212632577e-06 0
0.1 -1.815474704689287 -0.2985536152726889 0 0.03668595666291622 -0.07475917476846859 0
2
42.56590626228029
1 0.1806294205931629 -0.2875828499908705 0 -0.007728284163815738 -4.455558150197171e-05 0
0.1 -1.806294205932443 -0.3105803052072876 0 0.07728284163813205 -0.0744126836755752 0
2
42.64602615343181
1 0.1799287526205856 -0.2875874456167716 0 -0.009764801296662731 -7.123251340237005e-05 0
0.1 -1.799287526206671 -0.3165319829480586 0 0.09764801296660197 -0.07414591435657122 0
2
42.72568508793033
1 0.1790696884711669 -0.2875943902893334 0 -0.01180696398855474 -0.0001042207011092177 0
0.1 -1.790696884712486 -0.3224256638186964 0 0.118069639885522 -0.07381603247950275 0
2
42.80478007077483
1 0.1780549466003171 -0.2876041462908918 0 -0.01385567469983993 -0.0001435916022256965 0
0.1 -1.780549466003991 -0.3282490149713893 0 0.138556746998374 -0.07342232346833796 0
2
42.96087926468386
1 0.1755719500861088 -0.2876338615686809 0 -0.01797637112991487 -0.0002418253010256608 0
0.1 -1.755719500861912 -0.3396371730354288 0 0.1797637112991233 -0.07243998648033832 0
2
43.03769191816413
1 0.1741117080389026 -0.2876546577607363 0 -0.02005018380259713 -0.000300889496416302 0
0.1 -1.741117080389851 -0.345179271125009 0 0.200501838025946 -0.07184934452643191 0
2
43.11355835113377
1 0.1725117581190165 -0.2876799343364246 0 -0.02213419901450824 -0.0003667396202432286 0
0.1 -1.725117581190992 -0.3506057329766637 0 0.221341990145057 -0.07119084328816265 0
2
43.26211297338691
1 0.1689136386893945 -0.2877453432438717 0 -0.0263365480562476 -0.0005193351049436416 0
0.1 -1.689136386894776 -0.3610721813922524 0 0.2633654805624506 -0.06966488844115852 0
2
43.33464302266351
1 0.1669268566007319 -0.2877861143332426 0 -0.02845675189131503 -0.0006063811099846406 0
0.1 -1.669268566008152 -0.3660939422975561 0 0.284567518913125 -0.06879442839074852 0
2
43.40591112457244
1 0.1648230657901344 -0.287832640405648 0 -0.03059089886676648 -0.0007008149262648349 0
0.1 -1.648230657902178 -0.3709636862142413 0 0.3059089886676394 -0.06785009022794658 0
2
43.54440197343852
1 0.1602905151404552 -0.2879439048859274 0 -0.03490483241293221 -0.000912594401078434 0
0.1 -1.60290515140539 -0.3802182225431193 0 0.3490483241292969 -0.06573229547981059 0
2
43.61150878665243
1 0.1578753233721521 -0.2880090375843234 0 -0.03708654147952901 -0.00103034948216848 0
0.1 -1.578753233722361 -0.3845903934541764 0 0.3708654147952649 -0.06455474466891012 0
2
43.74119785629119
1 0.1527822116937847 -0.2881590477783356 0 -0.04150430559762142 -0.001290723712474391 0
0.1 -1.52782211693869 -0.3927985869483857 0 0.415043055976189 -0.061951002365851 0
2
43.80369835592529
1 0.1501186356747569 -0.2882441260814856 0 -0.04374232841684196 -0.001433841955451281 0
0.1 -1.501186356748414 -0.3966264812867766 0 0.4374232841683944 -0.0605198199360821 0
2
43.9238496189982
1 0.1445935822583821 -0.2884346936284853 0 -0.04828163618930629 -0.001747308442415203 0
0.1 -1.445935822584669 -0.4037151178429895 0 0.4828163618930378 -0.05738515506644288 0
2
44.03738399012664
1 0.1388525825620138 -0.2886524727362909 0 -0.05291203422245398 -0.002099101611074561 0
0.1 -1.388525825620989 -0.4100363099092812 0 0.5291203422245147 -0.0538672233798493 0
2
44.14419537539008
1 0.1329519633590199 -0.2888970594551286 0 -0.05764173742221074 -0.002491895389215336 0
0.1 -1.329519633591053 -0.4155861549792766 0 0.5764173742220823 -0.04993928559844155 0
2
44.24425762405534
1 0.12694583187278 -0.2891676310476367 0 -0.06247911121799061 -0.00292866727920462 0
0.1 -1.269458318728656 -0.4203709228287457 0 0.6247911121798808 -0.04557156669854871 0
2
44.3376173521467
1 0.120885253288118 -0.2894629960318362 0 -0.06743267822138721 -0.003412720236021791 0
0.1 -1.208852532882039 -0.4244060178709903 0 0.6743267822138468 -0.04073103713037701 0
2
44.42438575872809
1 0.114817595940757 -0.289781649391725 0 -0.07251112414538706 -0.003947706765415132 0
0.1 -1.148175959408431 -0.4277148144321896 0 0.7251112414538453 -0.0353811718364436 0
2
44.50472983404452
1 0.1087860457712932 -0.2901218303879267 0 -0.0777233028509984 -0.004537655386085772 0
0.1 -1.087860457713794 -0.4303274205018592 0 0.7772330285099588 -0.02948168562973721 0
2
44.6136784781387
1 0.09988976022078777 -0.2906681421358284 0 -0.08581211210820422 -0.005535449019386249 0
0.1 -0.9988976022087431 -0.4330200067146184 0 0.858121121082017 -0.01950374929673244 0
2
44.70953399413519
1 0.09127143809534798 -0.2912513020014411 0 -0.0942533722282952 -0.006683826701272921 0
0.1 -0.9127143809543475 -0.4343639832314526 0 0.9425337222829268 -0.008019972477865719 0
2
44.81687313407236
1 0.08055517653751024 -0.292057667209203 0 -0.105886157652357 -0.008446691164776208 0
0.1 -0.8055517653759732 -0.4343355501979638 0 1.058861576523545 0.009608672157167134 0
2
44.90187267409161
1 0.07107636482573647 -0.2928553258591629 0 -0.1176173942970668 -0.01043766639483473 0
0.1 -0.7107636482582379 -0.4327218796217174 0 1.176173942970642 0.02951842445775234 0
2
45.01187164436782
1 0.05706136899514315 -0.294207656883656 0 -0.1386756051092428 -0.01455497992556864 0
0.1 -0.5706136899523077 -0.4274328986374402 0 1.386756051092402 0.07069155976509148 0
2
45.10481859701266
1 0.04295961089115447 -0.2958355936204735 0 -0.1673141995685951 -0.02129600265744986 0
0.1 -0.4295961089124232 -0.4181113765102752 0 1.673141995685925 0.1381017870839036 0
2
45.20170139810438
1 0.02415404397651376 -0.2986562413886846 0 -0.2321740833197196 -0.04165208863669759 0
0.1 -0.2415404397660185 -0.3971573747548066 0 2.32174083319717 0.341662646876381 0
2
45.30046450968143
1 0.01008602875871952 -0.3144763670025884 0 0.3495068070579819 -0.09874204449198722 0
0.1 -0.1008602875880784 -0.2463493512750369 0 -3.495068070579837 0.9125622054292704 0
2
45.40085258816819
1 0.0345277678720043 -0.3192561536108759 0 0.1907642868452534 -0.02782068716534769 0
0.1 -0.3452776787209282 -0.2060663600135267 0 -1.907642868452552 0.203348632162875 0
2
45.51023318086528
1 0.05266135384079444 -0.3215565877444017 0 0.1465859387415738 -0.01628317198591182 0
0.1 -0.5266135384088313 -0.1912500572820116 0 -1.465859387415755 0.08797348036851631 0
2
45.60034391055114
1 0.06489346572204126 -0.3228150995234006 0 0.1262520077392931 -0.01204017130809659 0
0.1 -0.6489346572213011 -0.1854104700755195 0 -1.262520077392947 0.04554347359036397 0
2
45.7080585867504
1 0.07753633383298179 -0.3239365922413631 0 0.1094523377415823 -0.00902847505885938 0
0.1 -0.7753633383307083 -0.1822588739234711 0 -1.09452337741584 0.0154265110979919 0
2
45.80178583656415
1 0.0872593037730738 -0.3246969379845158 0 0.09844027692600638 -0.007293535795617628 0
0.1 -0.8725930377316297 -0.1816716734052977 0 -0.9844027692600804 -0.001922881534425602 0
2
45.91807446640499
1 0.09805017945895574 -0.3254510006223394 0 0.08755763477915443 -0.005763348556831773 0
0.1 -0.9805017945904512 -0.1828362091297202 0 -0.875576347791561 -0.01722475392228417 0
2
46.01960409885064
1 0.1065314560755228 -0.3259838057671823 0 0.07972308378265444 -0.004774488782618254 0
0.1 -1.065314560756123 -0.1851084872223017 0 -0.797230837826561 -0.02711335166441935 0
2
46.13407599798154
1 0.1152144441766593 -0.3264788119917406 0 0.07217425493205448 -0.003910523015929384 0
0.1 -1.152144441767491 -0.1887275898168055 0 -0.7217425493205615 -0.03575300933130805 0
2
46.21796963826576
1 0.1210611097266164 -0.3267847608805742 0 0.06728729550219373 -0.003397533477233455 0
0.1 -1.210611097267063 -0.1919482311446039 0 -0.672872955021954 -0.04088290471826733 0
2
46.3081485391434
1 0.1269101842630567 -0.3270695241524221 0 0.06250777038845405 -0.002930941711675144 0
0.1 -1.269101842631468 -0.195851232185023 0 -0.6250777038845572 -0.04554882237385045 0
2
46.40475341670921
1 0.1327193974532853 -0.3273316567339397 0 0.05782804674114895 -0.002507671705168513 0
0.1 -1.327193974533756 -0.2004615774306285 0 -0.5782804674115061 -0.04978152243891677 0
2
46.50787184669384
1 0.1384427485754947 -0.3275699646069163 0 0.05324058824196957 -0.002124933710977163 0
0.1 -1.384427485755851 -0.2057977628285461 0 -0.5324058824197123 -0.05360890238083026 0
2
46.61753018394299
1 0.1440309546054404 -0.3277835559717688 0 0.04873794841837982 -0.001780206828312705 0
0.1 -1.44030954605531 -0.2118706792519596 0 -0.4873794841838147 -0.05705617120747484 0
2
46.73368595596904
1 0.1494320492091303 -0.3279718902335101 0 0.04431276332795673 -0.00147122326294007 0
0.1 -1.494320492092211 -0.2186825532350891 0 -0.4431276332795838 -0.06014600686120119 0
2
46.85622107808464
1 0.1545921334651642 -0.328134822612704 0 0.03995774369811486 -0.001195954190207844 0
0.1 -1.545921334652552 -0.2262259929604888 0 -0.3995774369811651 -0.06289869758852344 0
2
46.91982191138955
1 0.1570646426048568 -0.3282068355841465 0 0.03780428640963156 -0.001070390791349388 0
0.1 -1.570646426049479 -0.2302669096574047 0 -0.3780428640963321 -0.06415433157710801 0
2
47.05152585506699
1 0.1617601611681996 -0.3283323505739189 0 0.0335409903290068 -0.0008423814944565841 0
0.1 -1.61760161168291 -0.2388708851173429 0 -0.3354099032900846 -0.06643442454603604 0
2
47.11954696099006
1 0.163969519661863 -0.3283860999142102 0 0.03142936670759911 -0.0007395648960867753 0
0.1 -1.639695196619545 -0.2434253319520341 0 -0.3142936670760077 -0.06746259052973413 0
2
47.25968128284497
1 0.1680780567117676 -0.3284764275808423 0 0.02724172725548498 -0.0005554756797566691 0
0.1 -1.680780567118593 -0.2530122639119819 0 -0.2724172725548664 -0.0693034826930352 0
2
47.3316796635991
1 0.1699643446530885 -0.328513434899571 0 0.02516394218030913 -0.0004739070109463024 0
0.1 -1.699643446531804 -0.2580318627541234 0 -0.2516394218031079 -0.07011916938113887 0
2
47.40488004055531
1 0.1717303989398189 -0.328545340332996 0 0.02309567066401578 -0.0003991448546298484 0
0.1 -1.717303989399109 -0.2631924597688634 0 -0.2309567066401743 -0.07086679094430341 0
2
47.55459931053264
1 0.1748786449907441 -0.3285950265904209 0 0.01898414896875309 -0.0002695778220690428 0
0.1 -1.748786449908363 -0.2739033181629352 0 -0.1898414896875475 -0.07216246126991147 0
2
47.63096219840968
1 0.1762500479838763 -0.3286134667921135 0 0.01693914191429154 -0.0002145704320432892 0
0.1 -1.762500479839686 -0.2794353074949031 0 -0.169391419142932 -0.072712535170169 0
2
47.70821555686159
1 0.1774797137931055 -0.3286281211855743 0 0.01490013404766923 -0.0001659642435555038 0
0.1 -1.77479713793198 -0.2850718139687415 0 -0.1490013404767088 -0.07319859705504686 0
2
47.86503337281304
1 0.1794965222394548 -0.3286476625873884 0 0.01083660770493407 -8.767350368496314e-05 0
0.1 -1.794965222395475 -0.296615505573487 0 -0.1083660770493573 -0.07398150445375226 0
2
47.944408376994
1 0.1802761459122644 -0.3286533966985354 0 0.008810334813194586 -5.787543451520384e-05 0
0.1 -1.802761459123572 -0.3025000375345631 0 -0.08810334813196244 -0.07427948514544985 0
2
48.02429573033351
1 0.1808990513733173 -0.3286570346773026 0 0.006786551646700254 -3.425140028666363e-05 0
0.1 -1.808990513734102 -0.3084438843754502 0 -0.06786551646701912 -0.07451572548773526 0
2
48.10459323076114
1 0.1813627385857788 -0.3286590416293677 0 0.004764379246700476 -1.677184622487395e-05 0
0.1 -1.813627385858718 -0.3144347443723079 0 -0.04764379246702134 -0.07469052102835315 0
2
48.26599945555019
1 0.1818051925889927 -0.3286600795598825 0 0.0007213442398894312 -1.82107804940952e-07 0
0.1 -1.818051925890861 -0.3265069508976932 0 -0.007213442398910892 -0.07485641841255249 0
2
48.34689484785591
1 0.1817817388300662 -0.3286600887844039 0 -0.001301283907629249 -1.066982066937486e-06 0
0.1 -1.817817388301596 -0.3325625453033864 0 0.01301283907627591 -0.07484756966993251 0
2
48.42777474752596
1 0.181594646130818 -0.3286604174871573 0 -0.003325833004347868 -8.086511050218139e-06 0
0.1 -1.815946461309116 -0.3386137851753295 0 0.0332583300434621 -0.07477737438009971 0
2
48.50853108807914
1 0.1812442549020164 -0.3286615609079213 0 -0.00535319153463667 -2.126548026709611e-05 0
0.1 -1.812442549021102 -0.3446476284492043 0 0.05353191534635013 -0.07464558468793094 0
2
48.66924330309647
1 0.1800578506910174 -0.3286682542843318 0 -0.0094199054222749 -6.625608064295236e-05 0
0.1 -1.800578506911114 -0.3566113281659317 0 0.09419905422273242 -0.07419567868417237 0
2
48.74898709861108
1 0.1792254110236681 -0.3286747669663835 0 -0.01146105328104676 -9.817278845364368e-05 0
0.1 -1.792254110237622 -0.3625156814879368 0 0.1146105328104511 -0.07387651160606547 0
2
48.82818420640685
1 0.1782367962035362 -0.3286840138527162 0 -0.01350859620269951 -0.0001364593398560402 0
0.1 -1.782367962036305 -0.3683517686869478 0 0.1350859620269785 -0.07349364609204151 0
2
48.906733691944
1 0.1770951696387471 -0.3286964445927732 0 -0.01556344008327395 -0.0001811967766322975 0
0.1 -1.770951696388414 -0.3741075374865814 0 0.1556344008327229 -0.07304627172427894 0
2
49.06150104118483
1 0.1743680865916268 -0.3287325654232449 0 -0.01969867669624824 -0.0002904071515941581 0
0.1 -1.743680865917214 -0.3853319404766608 0 0.1969867669624658 -0.07195416797466034 0
2
49.13753331882709
1 0.1727914289477313 -0.3287570566430512 0 -0.02178090453187209 -0.0003551014597951271 0
0.1 -1.72791428947826 -0.390778670727357 0 0.2178090453187043 -0.07130722489265065 0
2
49.21254759499942
1 0.171079296668415 -0.3287863295399692 0 -0.02387410414113032 -0.0004266898482056466 0
0.1 -1.710792966685099 -0.3961013784090996 0 0.2387410414112866 -0.07059134100854546 0
2
49.35919781710493
1 0.1672707843428909 -0.3288605450975847 0 -0.02809714873674993 -0.0005911285283893092 0
0.1 -1.67270784342986 -0.406337200280669 0 0.2809714873674827 -0.06894695420670884 0
2
49.43068384140784
1 0.1651863498287389 -0.3289060784512542 0 -0.03022887387099115 -0.0006843011785856084 0
0.1 -1.651863498288341 -0.411233184671472 0 0.3022887387098949 -0.06801522770474584 0
2
49.5008525046977
1 0.1629902534601979 -0.3289575723885469 0 -0.03237533165978346 -0.0007850132585294116 0
0.1 -1.629902534602933 -0.4159709478998335 0 0.323753316597818 -0.06700810690530781 0
2
49.63699651068453
1 0.1582898815863229 -0.3290792842613779 0 -0.03671627830238813 -0.001009850641184322 0
0.1 -1.582898815864185 -0.4249453297768947 0 0.3671627830238648 -0.06475973307875872 0
2
49.70286529251144
1 0.1557994628970298 -0.3291498430058438 0 -0.03891270169902224 -0.00113440943541342 0
0.1 -1.557994628971255 -0.4291705633771893 0 0.3891270169902058 -0.06351414513646773 0
2
49.82997284735658
1 0.1505737306957693 -0.3293109758278151 0 -0.04336234186648106 -0.001409003424781228 0
0.1 -1.505737306958653 -0.4370742829391386 0 0.4336234186647939 -0.06076820524278966 0
2
49.95067563554569
1 0.1450695949479633 -0.3294992363528619 0 -0.0478943242789849 -0.001719344370070352 0
0.1 -1.450695949480595 -0.4442272759141134 0 0.4789432427898323 -0.05766479578989841 0
2
50.00855955440981
1 0.1422311650909037 -0.3296035885794795 0 -0.05019370706844945 -0.001888648834025264 0
0.1 -1.42231165091 -0.447516841908922 0 0.5019370706844778 -0.05597175115034929 0
